Retrieving notices: ...working... done
Collecting package metadata (current_repodata.json): ...working... done
Solving environment: ...working... 
The environment is inconsistent, please check the package plan carefully
The following packages are causing the inconsistency:

  - defaults/linux-64::typing-extensions==4.12.2=py312h06a4308_0
  - defaults/linux-64::numexpr==2.10.1=py312hd28fd6d_0
  - conda-forge/noarch::slack-sdk==3.35.0=pyhd8ed1ab_0
  - defaults/linux-64::packaging==24.2=py312h06a4308_0
  - defaults/noarch::plac==1.3.4=pyhd3eb1b0_0
  - defaults/linux-64::bottleneck==1.4.2=py312ha883a20_0
  - defaults/linux-64::numpy-base==2.0.1=py312he1a6c75_1
  - defaults/linux-64::setuptools==78.1.1=py312h06a4308_0
  - bioconda/noarch::snakemake-interface-common==1.18.0=pyhdfd78af_0
  - conda-forge/noarch::connection_pool==0.0.3=pyhd3deb0d_0
  - defaults/linux-64::humanfriendly==10.0=py312h06a4308_2
  - defaults/linux-64::amply==0.1.6=py312h06a4308_1
  - conda-forge/noarch::stopit==1.1.2=pyhd8ed1ab_1
  - bioconda/noarch::snakemake-interface-executor-plugins==8.2.0=pyhdfd78af_0
  - conda-forge/noarch::peppy==0.40.7=pyhd8ed1ab_2
  - conda-forge/noarch::yte==1.7.0=pyha770c72_1
  - defaults/linux-64::shellingham==1.5.0=py312h06a4308_0
  - defaults/linux-64::tabulate==0.9.0=py312h06a4308_0
  - defaults/linux-64::pluggy==1.5.0=py312h06a4308_0
  - defaults/linux-64::pydantic-core==2.27.1=py312h4aa5aa6_0
  - defaults/linux-64::rich==13.9.4=py312h06a4308_0
  - defaults/linux-64::wrapt==1.17.0=py312h5eee18b_0
  - defaults/linux-64::annotated-types==0.6.0=py312h06a4308_0
  - defaults/noarch::smmap==4.0.0=pyhd3eb1b0_0
  - defaults/linux-64::mdurl==0.1.0=py312h06a4308_0
  - conda-forge/noarch::reretry==0.11.8=pyhd8ed1ab_1
  - defaults/noarch::appdirs==1.4.4=pyhd3eb1b0_0
  - conda-forge/noarch::dpath==2.2.0=pyha770c72_0
  - conda-forge/noarch::slack_sdk==3.35.0=hd8ed1ab_0
  - defaults/linux-64::markdown-it-py==2.2.0=py312h06a4308_1
  - defaults/linux-64::jsonschema==4.23.0=py312h06a4308_0
  - defaults/linux-64::certifi==2025.4.26=py312h06a4308_0
  - defaults/noarch::pip==25.1=pyhc872135_2
  - defaults/noarch::gitdb==4.0.7=pyhd3eb1b0_0
  - defaults/linux-64::urllib3==2.3.0=py312h06a4308_0
  - defaults/linux-64::rpds-py==0.22.3=py312h4aa5aa6_0
  - conda-forge/noarch::pephubclient==0.4.4=pyhd8ed1ab_1
  - defaults/linux-64::python-fastjsonschema==2.20.0=py312h06a4308_0
  - defaults/linux-64::gitpython==3.1.43=py312h06a4308_0
  - defaults/linux-64::pyyaml==6.0.2=py312h5eee18b_0
  - defaults/linux-64::pydantic==2.10.3=py312h06a4308_0
  - conda-forge/noarch::eido==0.2.4=pyhd8ed1ab_0
  - defaults/linux-64::colorama==0.4.6=py312h06a4308_0
  - defaults/linux-64::referencing==0.30.2=py312h06a4308_0
  - defaults/linux-64::python-dateutil==2.9.0post0=py312h06a4308_2
  - defaults/linux-64::typing_extensions==4.12.2=py312h06a4308_0
  - defaults/linux-64::coloredlogs==15.0.1=py312h06a4308_3
  - bioconda/noarch::snakemake-minimal==8.4.8=pyhdfd78af_0
  - defaults/linux-64::pytz==2024.1=py312h06a4308_0
  - defaults/linux-64::markupsafe==3.0.2=py312h5eee18b_0
  - defaults/linux-64::wheel==0.45.1=py312h06a4308_0
  - conda-forge/noarch::ubiquerg==0.8.0=pyhd8ed1ab_0
  - defaults/linux-64::jupyter_core==5.7.2=py312h06a4308_0
  - defaults/linux-64::pysocks==1.7.1=py312h06a4308_0
  - defaults/linux-64::smart_open==5.2.1=py312h06a4308_0
  - conda-forge/noarch::logmuse==0.2.8=pyhd8ed1ab_1
  - conda-forge/linux-64::liblzma==5.8.1=hb9d3cd8_1
  - conda-forge/noarch::veracitools==0.1.3=py_0
  - defaults/linux-64::docutils==0.21.2=py312h06a4308_0
  - conda-forge/noarch::toposort==1.10=pyhd8ed1ab_1
  - defaults/linux-64::attrs==24.3.0=py312h06a4308_0
  - defaults/linux-64::traitlets==5.14.3=py312h06a4308_0
  - defaults/noarch::iniconfig==1.1.1=pyhd3eb1b0_0
  - defaults/linux-64::jinja2==3.1.6=py312h06a4308_0
  - defaults/linux-64::platformdirs==4.3.7=py312h06a4308_0
  - bioconda/noarch::snakemake==8.4.8=hdfd78af_0
  - conda-forge/noarch::conda-inject==1.3.2=pyhd8ed1ab_0
  - bioconda/noarch::snakemake-interface-storage-plugins==3.5.0=pyhdfd78af_0
  - defaults/linux-64::idna==3.7=py312h06a4308_0
  - defaults/noarch::python-tzdata==2025.2=pyhd3eb1b0_0
  - conda-forge/noarch::throttler==1.2.2=pyhd8ed1ab_0
  - conda-forge/linux-64::python==3.12.10=h9e4cc4f_0_cpython
  - defaults/linux-64::datrie==0.8.2=py312h5eee18b_1
  - defaults/linux-64::click==8.1.8=py312h06a4308_0
  - defaults/linux-64::jsonschema-specifications==2023.7.1=py312h06a4308_0
  - conda-forge/noarch::argparse-dataclass==2.0.0=pyhd8ed1ab_0
  - conda-forge/linux-64::pulp==2.8.0=py312h7900ff3_0
  - conda-forge/noarch::configargparse==1.7=pyhd8ed1ab_1
  - defaults/linux-64::pygments==2.19.1=py312h06a4308_0
  - defaults/linux-64::pyparsing==3.2.0=py312h06a4308_0
  - defaults/linux-64::typer==0.9.0=py312h06a4308_0
  - defaults/linux-64::six==1.17.0=py312h06a4308_0
  - defaults/linux-64::requests==2.32.3=py312h06a4308_1
  - conda-forge/linux-64::immutables==0.21=py312h66e93f0_1
  - defaults/noarch::charset-normalizer==3.3.2=pyhd3eb1b0_0
  - defaults/linux-64::pandas==2.2.3=py312h6a678d5_0
  - defaults/linux-64::psutil==5.9.0=py312h5eee18b_1
  - defaults/linux-64::numpy==2.0.1=py312h2809609_1
  - defaults/linux-64::pytest==8.3.4=py312h06a4308_0
  - defaults/linux-64::nbformat==5.10.4=py312h06a4308_0
  - defaults/linux-64::brotli-python==1.0.9=py312h6a678d5_9
done
