Building DAG of jobs...
Using shell: /bin/bash
Provided cores: 1 (use --cores to define parallelism)
Rules claiming more threads will be scaled down.
Job stats:
job                       count
----------------------  -------
all                           1
analyze_mutation_types        1
calculate_trends              1
map_genes                     1
merge_snv_info                1
prepare_trajectories          1
process_scaffolds             1
total                         7

Select jobs to execute...

[Fri May 16 12:27:59 2025]
rule process_scaffolds:
    input: /Users/reneeoles/Desktop/input/instrain/H4020/combined_scaffold_info.tsv, /Users/reneeoles/Desktop/input/assembly/H4020/assembly.stb, /Users/reneeoles/Desktop/input/bins/H4020/bin.txt
    output: /Users/reneeoles/Desktop/input/instrain/H4020/processed_scaffolds.txt
    log: /Users/reneeoles/Desktop/input/logs/process_scaffolds_H4020.log
    jobid: 4
    reason: Missing output files: /Users/reneeoles/Desktop/input/instrain/H4020/processed_scaffolds.txt; Set of input files has changed since last execution; Code has changed since last execution
    wildcards: patient=H4020
    resources: tmpdir=/var/folders/mc/c6ndbtvn6kn2jyz7c6ymt42h0000gn/T, mem_mb=16000, mem_mib=15259, threads=4

[Fri May 16 12:27:59 2025]
Error in rule process_scaffolds:
    jobid: 4
    input: /Users/reneeoles/Desktop/input/instrain/H4020/combined_scaffold_info.tsv, /Users/reneeoles/Desktop/input/assembly/H4020/assembly.stb, /Users/reneeoles/Desktop/input/bins/H4020/bin.txt
    output: /Users/reneeoles/Desktop/input/instrain/H4020/processed_scaffolds.txt
    log: /Users/reneeoles/Desktop/input/logs/process_scaffolds_H4020.log (check log file(s) for error details)
    shell:
        
        python strainscape/process_scaffolds.py             --scaffold_file /Users/reneeoles/Desktop/input/instrain/H4020/combined_scaffold_info.tsv             --stb_file /Users/reneeoles/Desktop/input/assembly/H4020/assembly.stb             --bin_file /Users/reneeoles/Desktop/input/bins/H4020/bin.txt             --output_file /Users/reneeoles/Desktop/input/instrain/H4020/processed_scaffolds.txt             --min_length 1000             --min_coverage 5.0             --min_breadth 0.4             --log_file /Users/reneeoles/Desktop/input/logs/process_scaffolds_H4020.log 2>&1
        
        (one of the commands exited with non-zero exit code; note that snakemake uses bash strict mode!)

Shutting down, this might take some time.
Exiting because a job execution failed. Look above for error message
Complete log: .snakemake/log/2025-05-16T122759.212358.snakemake.log
