Building DAG of jobs...
Using shell: /bin/bash
Provided cores: 1 (use --cores to define parallelism)
Rules claiming more threads will be scaled down.
Job stats:
job                       count
----------------------  -------
all                           1
analyze_mutation_types        1
calculate_trends              1
map_genes                     1
prepare_trajectories          1
total                         5

Select jobs to execute...

[Fri May 16 10:36:19 2025]
rule calculate_trends:
    input: data/instrain/H4020/SNV_filtered.txt, /Users/reneeoles/Desktop/input/hmp2_metadata_2018-08-20.csv
    output: data/instrain/H4020/SNV_filtered_trend.txt
    log: logs/calculate_trends_H4020.log
    jobid: 3
    reason: Missing output files: data/instrain/H4020/SNV_filtered_trend.txt
    wildcards: patient=H4020
    resources: tmpdir=/var/folders/mc/c6ndbtvn6kn2jyz7c6ymt42h0000gn/T, mem_mb=16000, mem_mib=15259, threads=4

[Fri May 16 10:36:19 2025]
Error in rule calculate_trends:
    jobid: 3
    input: data/instrain/H4020/SNV_filtered.txt, /Users/reneeoles/Desktop/input/hmp2_metadata_2018-08-20.csv
    output: data/instrain/H4020/SNV_filtered_trend.txt
    log: logs/calculate_trends_H4020.log (check log file(s) for error details)
    shell:
        
        python strainscape/calculate_trends.py             --mutation_file data/instrain/H4020/SNV_filtered.txt             --metadata_file /Users/reneeoles/Desktop/input/hmp2_metadata_2018-08-20.csv             --output_file data/instrain/H4020/SNV_filtered_trend.txt             --min_slope 0.01             --p_value 0.05             --log_file logs/calculate_trends_H4020.log 2>&1
        
        (one of the commands exited with non-zero exit code; note that snakemake uses bash strict mode!)

Shutting down, this might take some time.
Exiting because a job execution failed. Look above for error message
Complete log: .snakemake/log/2025-05-16T103619.188229.snakemake.log
