Building DAG of jobs...
Using shell: /bin/bash
Provided cores: 1 (use --cores to define parallelism)
Rules claiming more threads will be scaled down.
Job stats:
job                       count
----------------------  -------
all                           1
analyze_mutation_types        1
map_genes                     1
merge_snv_info                1
total                         4

Select jobs to execute...

[Fri May 16 09:54:04 2025]
rule merge_snv_info:
    input: data/instrain/H4020/combined/snv_info.tsv, /Users/reneeoles/Desktop/input/assembly/H4020/assembly.stb, /Users/reneeoles/Desktop/input/hmp2_metadata_2018-08-20.csv, data/instrain/H4020/SNV_filtered.txt
    output: data/instrain/H4020/SNV_filtered_trend.txt
    log: logs/merge_snv_info_H4020.log
    jobid: 3
    reason: Missing output files: data/instrain/H4020/SNV_filtered_trend.txt
    wildcards: patient=H4020
    resources: tmpdir=/var/folders/mc/c6ndbtvn6kn2jyz7c6ymt42h0000gn/T, mem_mb=16000, mem_mib=15259, threads=4

[Fri May 16 09:54:17 2025]
Finished job 3.
1 of 4 steps (25%) done
Select jobs to execute...

[Fri May 16 09:54:17 2025]
rule map_genes:
    input: data/instrain/H4020/SNV_filtered_trend.txt, data/bakta/H4020/H4020.tsv
    output: data/instrain/H4020/SNV_filtered_trend_trajectory_mapped.txt
    log: logs/map_genes_H4020.log
    jobid: 2
    reason: Missing output files: data/instrain/H4020/SNV_filtered_trend_trajectory_mapped.txt; Input files updated by another job: data/instrain/H4020/SNV_filtered_trend.txt
    wildcards: patient=H4020
    resources: tmpdir=/var/folders/mc/c6ndbtvn6kn2jyz7c6ymt42h0000gn/T, mem_mb=16000, mem_mib=15259, threads=4

[Fri May 16 09:54:17 2025]
Error in rule map_genes:
    jobid: 2
    input: data/instrain/H4020/SNV_filtered_trend.txt, data/bakta/H4020/H4020.tsv
    output: data/instrain/H4020/SNV_filtered_trend_trajectory_mapped.txt
    log: logs/map_genes_H4020.log (check log file(s) for error details)
    shell:
        
        python strainscape/map_genes.py             --trends_file data/instrain/H4020/SNV_filtered_trend.txt             --annotation_file data/bakta/H4020/H4020.tsv             --output_file data/instrain/H4020/SNV_filtered_trend_trajectory_mapped.txt             --threads 4             --log_file logs/map_genes_H4020.log 2>&1
        
        (one of the commands exited with non-zero exit code; note that snakemake uses bash strict mode!)

Shutting down, this might take some time.
Exiting because a job execution failed. Look above for error message
Complete log: .snakemake/log/2025-05-16T095404.784623.snakemake.log
