Building DAG of jobs...
Using shell: /bin/bash
Provided cores: 1 (use --cores to define parallelism)
Rules claiming more threads will be scaled down.
Job stats:
job                       count
----------------------  -------
all                           1
analyze_mutation_types        1
map_genes                     1
merge_snv_info                1
process_scaffolds             1
total                         5

Select jobs to execute...

[Fri May 16 09:53:21 2025]
rule process_scaffolds:
    input: data/instrain/H4020/combined/scaffold_info.tsv, /Users/reneeoles/Desktop/input/assembly/H4020/assembly.stb, /Users/reneeoles/Desktop/input/hmp2_metadata_2018-08-20.csv, /Users/reneeoles/Desktop/input/bins/H4020/bin.txt
    output: data/instrain/H4020/SNV_filtered.txt
    log: logs/process_scaffolds_H4020.log
    jobid: 4
    reason: Missing output files: data/instrain/H4020/SNV_filtered.txt
    wildcards: patient=H4020
    resources: tmpdir=/var/folders/mc/c6ndbtvn6kn2jyz7c6ymt42h0000gn/T, mem_mb=16000, mem_mib=15259, threads=4

[Fri May 16 09:53:22 2025]
Error in rule process_scaffolds:
    jobid: 4
    input: data/instrain/H4020/combined/scaffold_info.tsv, /Users/reneeoles/Desktop/input/assembly/H4020/assembly.stb, /Users/reneeoles/Desktop/input/hmp2_metadata_2018-08-20.csv, /Users/reneeoles/Desktop/input/bins/H4020/bin.txt
    output: data/instrain/H4020/SNV_filtered.txt
    log: logs/process_scaffolds_H4020.log (check log file(s) for error details)
    shell:
        
        python strainscape/process_scaffolds.py             --scaffold_file data/instrain/H4020/combined/scaffold_info.tsv             --stb_file /Users/reneeoles/Desktop/input/assembly/H4020/assembly.stb             --metadata_file /Users/reneeoles/Desktop/input/hmp2_metadata_2018-08-20.csv             --bin_file /Users/reneeoles/Desktop/input/bins/H4020/bin.txt             --output_file data/instrain/H4020/SNV_filtered.txt             --min_length 1000             --min_coverage 5.0             --min_breadth 0.4             --threads 4             --chunksize 10000             --log_file logs/process_scaffolds_H4020.log 2>&1
        
        (one of the commands exited with non-zero exit code; note that snakemake uses bash strict mode!)

Shutting down, this might take some time.
Exiting because a job execution failed. Look above for error message
Complete log: .snakemake/log/2025-05-16T095320.964115.snakemake.log
