Building DAG of jobs...
Using shell: /bin/bash
Provided cores: 1 (use --cores to define parallelism)
Rules claiming more threads will be scaled down.
Job stats:
job                       count
----------------------  -------
all                           1
analyze_mutation_types        1
map_genes                     1
total                         3

Select jobs to execute...

[Fri May 16 10:15:41 2025]
rule map_genes:
    input: data/instrain/H4020/SNV_filtered_trend.txt, data/bakta/H4020/H4020.tsv
    output: data/instrain/H4020/SNV_filtered_trend_trajectory_mapped.txt
    log: logs/map_genes_H4020.log
    jobid: 1
    reason: Missing output files: data/instrain/H4020/SNV_filtered_trend_trajectory_mapped.txt
    wildcards: patient=H4020
    resources: tmpdir=/var/folders/mc/c6ndbtvn6kn2jyz7c6ymt42h0000gn/T, mem_mb=16000, mem_mib=15259, threads=4

[Fri May 16 10:15:46 2025]
Error in rule map_genes:
    jobid: 1
    input: data/instrain/H4020/SNV_filtered_trend.txt, data/bakta/H4020/H4020.tsv
    output: data/instrain/H4020/SNV_filtered_trend_trajectory_mapped.txt
    log: logs/map_genes_H4020.log (check log file(s) for error details)
    shell:
        
        python strainscape/map_genes.py             --mutation_file data/instrain/H4020/SNV_filtered_trend.txt             --trend_file data/instrain/H4020/SNV_filtered_trend.txt             --gene_file data/bakta/H4020/H4020.tsv             --output_file data/instrain/H4020/SNV_filtered_trend_trajectory_mapped.txt 2>&1
        
        (one of the commands exited with non-zero exit code; note that snakemake uses bash strict mode!)

Shutting down, this might take some time.
Exiting because a job execution failed. Look above for error message
Complete log: .snakemake/log/2025-05-16T101541.247788.snakemake.log
