Building DAG of jobs...
Using shell: /bin/bash
Provided cores: 1 (use --cores to define parallelism)
Rules claiming more threads will be scaled down.
Job stats:
job                       count
----------------------  -------
all                           1
analyze_mutation_types        1
calculate_trends              1
map_genes                     1
prepare_trajectories          1
total                         5

Select jobs to execute...

[Mon May 19 06:48:15 2025]
rule calculate_trends:
    input: /Users/reneeoles/Desktop/input/instrain/M2069/SNV_filtered.txt
    output: /Users/reneeoles/Desktop/input/instrain/M2069/SNV_filtered_trend.txt
    log: /Users/reneeoles/Desktop/input/logs/calculate_trends_M2069.log
    jobid: 5
    reason: Missing output files: /Users/reneeoles/Desktop/input/instrain/M2069/SNV_filtered_trend.txt
    wildcards: patient=M2069
    resources: tmpdir=/var/folders/mc/c6ndbtvn6kn2jyz7c6ymt42h0000gn/T, mem_mb=16000, mem_mib=15259, threads=4

[Mon May 19 06:48:20 2025]
Finished job 5.
1 of 5 steps (20%) done
Select jobs to execute...

[Mon May 19 06:48:20 2025]
rule prepare_trajectories:
    input: /Users/reneeoles/Desktop/input/instrain/M2069/SNV_filtered.txt, /Users/reneeoles/Desktop/input/instrain/M2069/SNV_filtered_trend.txt, /Users/reneeoles/Desktop/input/hmp2_metadata_2018-08-20.csv
    output: /Users/reneeoles/Desktop/input/instrain/M2069/SNV_filtered_trend_trajectory.txt
    jobid: 2
    reason: Missing output files: /Users/reneeoles/Desktop/input/instrain/M2069/SNV_filtered_trend_trajectory.txt; Input files updated by another job: /Users/reneeoles/Desktop/input/instrain/M2069/SNV_filtered_trend.txt
    wildcards: patient=M2069
    resources: tmpdir=/var/folders/mc/c6ndbtvn6kn2jyz7c6ymt42h0000gn/T

[Mon May 19 06:48:23 2025]
Error in rule prepare_trajectories:
    jobid: 2
    input: /Users/reneeoles/Desktop/input/instrain/M2069/SNV_filtered.txt, /Users/reneeoles/Desktop/input/instrain/M2069/SNV_filtered_trend.txt, /Users/reneeoles/Desktop/input/hmp2_metadata_2018-08-20.csv
    output: /Users/reneeoles/Desktop/input/instrain/M2069/SNV_filtered_trend_trajectory.txt
    shell:
        
        python strainscape/prepare_trajectories.py             --mutation_file /Users/reneeoles/Desktop/input/instrain/M2069/SNV_filtered.txt             --trends_file /Users/reneeoles/Desktop/input/instrain/M2069/SNV_filtered_trend.txt             --metadata_file /Users/reneeoles/Desktop/input/hmp2_metadata_2018-08-20.csv             --output_file /Users/reneeoles/Desktop/input/instrain/M2069/SNV_filtered_trend_trajectory.txt
        
        (one of the commands exited with non-zero exit code; note that snakemake uses bash strict mode!)

Shutting down, this might take some time.
Exiting because a job execution failed. Look above for error message
Complete log: .snakemake/log/2025-05-19T064815.689569.snakemake.log
