Building DAG of jobs...
Using shell: /bin/bash
Provided cores: 1 (use --cores to define parallelism)
Rules claiming more threads will be scaled down.
Job stats:
job                       count
----------------------  -------
all                           1
analyze_mutation_types        1
map_genes                     1
total                         3

Select jobs to execute...

[Mon May 19 06:52:58 2025]
rule map_genes:
    input: /Users/reneeoles/Desktop/input/instrain/M2069/SNV_filtered_trend.txt, /Users/reneeoles/Desktop/input/bakta/M2069/M2069.tsv
    output: /Users/reneeoles/Desktop/input/instrain/M2069/SNV_filtered_trend_trajectory_mapped.txt
    log: /Users/reneeoles/Desktop/input/logs/map_genes_M2069.log
    jobid: 1
    reason: Missing output files: /Users/reneeoles/Desktop/input/instrain/M2069/SNV_filtered_trend_trajectory_mapped.txt
    wildcards: patient=M2069
    resources: tmpdir=/var/folders/mc/c6ndbtvn6kn2jyz7c6ymt42h0000gn/T, mem_mb=16000, mem_mib=15259, threads=4

[Mon May 19 06:52:59 2025]
Error in rule map_genes:
    jobid: 1
    input: /Users/reneeoles/Desktop/input/instrain/M2069/SNV_filtered_trend.txt, /Users/reneeoles/Desktop/input/bakta/M2069/M2069.tsv
    output: /Users/reneeoles/Desktop/input/instrain/M2069/SNV_filtered_trend_trajectory_mapped.txt
    log: /Users/reneeoles/Desktop/input/logs/map_genes_M2069.log (check log file(s) for error details)
    shell:
        
        python strainscape/map_genes.py             --trend_file /Users/reneeoles/Desktop/input/instrain/M2069/SNV_filtered_trend.txt             --gene_file /Users/reneeoles/Desktop/input/bakta/M2069/M2069.tsv             --output_file /Users/reneeoles/Desktop/input/instrain/M2069/SNV_filtered_trend_trajectory_mapped.txt 2>&1
        
        (one of the commands exited with non-zero exit code; note that snakemake uses bash strict mode!)

Shutting down, this might take some time.
Exiting because a job execution failed. Look above for error message
Complete log: .snakemake/log/2025-05-19T065258.741169.snakemake.log
