Building DAG of jobs...
Using shell: /bin/bash
Provided cores: 1 (use --cores to define parallelism)
Rules claiming more threads will be scaled down.
Job stats:
job                       count
----------------------  -------
all                           1
analyze_mutation_types        1
map_genes                     1
prepare_trajectories          1
total                         4

Select jobs to execute...

[Fri May 16 10:15:58 2025]
rule prepare_trajectories:
    input: data/instrain/H4020/SNV_filtered.txt, /Users/reneeoles/Desktop/input/bins/H4020/bin.txt
    output: data/instrain/H4020/SNV_filtered_trend.txt
    jobid: 2
    reason: Set of input files has changed since last execution; Code has changed since last execution
    wildcards: patient=H4020
    resources: tmpdir=/var/folders/mc/c6ndbtvn6kn2jyz7c6ymt42h0000gn/T

[Fri May 16 10:15:59 2025]
Error in rule prepare_trajectories:
    jobid: 2
    input: data/instrain/H4020/SNV_filtered.txt, /Users/reneeoles/Desktop/input/bins/H4020/bin.txt
    output: data/instrain/H4020/SNV_filtered_trend.txt
    shell:
        
        python strainscape/prepare_trajectories.py             --snv-file data/instrain/H4020/SNV_filtered.txt             --bin-file /Users/reneeoles/Desktop/input/bins/H4020/bin.txt             --output-file data/instrain/H4020/SNV_filtered_trend.txt             --min-coverage 10
        
        (one of the commands exited with non-zero exit code; note that snakemake uses bash strict mode!)

Shutting down, this might take some time.
Exiting because a job execution failed. Look above for error message
Complete log: .snakemake/log/2025-05-16T101558.666876.snakemake.log
