Building DAG of jobs...
Using shell: /bin/bash
Provided cores: 1 (use --cores to define parallelism)
Rules claiming more threads will be scaled down.
Job stats:
job                       count
----------------------  -------
all                           1
analyze_mutation_types        1
calculate_trends              1
map_genes                     1
total                         4

Select jobs to execute...

[Mon May 19 07:04:34 2025]
rule calculate_trends:
    input: /Users/reneeoles/Desktop/input/instrain/M2069/SNV_filtered.txt
    output: /Users/reneeoles/Desktop/input/instrain/M2069/SNV_filtered_trend.txt
    log: /Users/reneeoles/Desktop/input/logs/calculate_trends_M2069.log
    jobid: 2
    reason: Missing output files: /Users/reneeoles/Desktop/input/instrain/M2069/SNV_filtered_trend.txt
    wildcards: patient=M2069
    resources: tmpdir=/var/folders/mc/c6ndbtvn6kn2jyz7c6ymt42h0000gn/T

[Mon May 19 07:04:37 2025]
Error in rule calculate_trends:
    jobid: 2
    input: /Users/reneeoles/Desktop/input/instrain/M2069/SNV_filtered.txt
    output: /Users/reneeoles/Desktop/input/instrain/M2069/SNV_filtered_trend.txt
    log: /Users/reneeoles/Desktop/input/logs/calculate_trends_M2069.log (check log file(s) for error details)
    shell:
        
        python strainscape/calculate_trends.py             --mutation_file /Users/reneeoles/Desktop/input/instrain/M2069/SNV_filtered.txt             --output_file /Users/reneeoles/Desktop/input/instrain/M2069/SNV_filtered_trend.txt             --min_slope 0.01             --p_value 0.05             --log_file /Users/reneeoles/Desktop/input/logs/calculate_trends_M2069.log 2>&1
        
        (one of the commands exited with non-zero exit code; note that snakemake uses bash strict mode!)

Shutting down, this might take some time.
Exiting because a job execution failed. Look above for error message
Complete log: .snakemake/log/2025-05-19T070434.522792.snakemake.log
