Building DAG of jobs...
Using shell: /bin/bash
Provided cores: 1 (use --cores to define parallelism)
Rules claiming more threads will be scaled down.
Job stats:
job                       count
----------------------  -------
all                           1
analyze_mutation_types        1
total                         2

Select jobs to execute...

[Mon May 19 07:35:04 2025]
rule analyze_mutation_types:
    input: /Users/reneeoles/Desktop/input/bakta/M2069/M2069.fna, /Users/reneeoles/Desktop/input/instrain/M2069/SNV_filtered_trend_trajectory_mapped.txt
    output: /Users/reneeoles/Desktop/input/instrain/M2069/SNV_filtered_trend_trajectory_mapped_types.txt
    jobid: 5
    reason: Missing output files: /Users/reneeoles/Desktop/input/instrain/M2069/SNV_filtered_trend_trajectory_mapped_types.txt
    wildcards: patient=M2069
    resources: tmpdir=/var/folders/mc/c6ndbtvn6kn2jyz7c6ymt42h0000gn/T

[Mon May 19 07:35:05 2025]
Error in rule analyze_mutation_types:
    jobid: 5
    input: /Users/reneeoles/Desktop/input/bakta/M2069/M2069.fna, /Users/reneeoles/Desktop/input/instrain/M2069/SNV_filtered_trend_trajectory_mapped.txt
    output: /Users/reneeoles/Desktop/input/instrain/M2069/SNV_filtered_trend_trajectory_mapped_types.txt
    shell:
        
        python strainscape/analyze_mutation_types.py             --mutation_file /Users/reneeoles/Desktop/input/instrain/M2069/SNV_filtered_trend_trajectory_mapped.txt             --reference_file /Users/reneeoles/Desktop/input/bakta/M2069/M2069.fna             --output_file /Users/reneeoles/Desktop/input/instrain/M2069/SNV_filtered_trend_trajectory_mapped_types.txt
        
        (one of the commands exited with non-zero exit code; note that snakemake uses bash strict mode!)

Shutting down, this might take some time.
Exiting because a job execution failed. Look above for error message
Complete log: .snakemake/log/2025-05-19T073503.882785.snakemake.log
