Building DAG of jobs...
Using shell: /bin/bash
Provided cores: 1 (use --cores to define parallelism)
Rules claiming more threads will be scaled down.
Job stats:
job                       count
----------------------  -------
all                           1
analyze_mutation_types        1
calculate_trends              1
map_genes                     1
total                         4

Select jobs to execute...

[Mon May 19 06:59:51 2025]
rule calculate_trends:
    input: /Users/reneeoles/Desktop/input/instrain/M2069/SNV_filtered.txt
    output: /Users/reneeoles/Desktop/input/instrain/M2069/SNV_filtered_trend.txt
    log: /Users/reneeoles/Desktop/input/logs/calculate_trends_M2069.log
    jobid: 2
    reason: Params have changed since last execution
    wildcards: patient=M2069
    resources: tmpdir=/var/folders/mc/c6ndbtvn6kn2jyz7c6ymt42h0000gn/T

[Mon May 19 06:59:56 2025]
Finished job 2.
1 of 4 steps (25%) done
Select jobs to execute...

[Mon May 19 06:59:56 2025]
rule map_genes:
    input: /Users/reneeoles/Desktop/input/instrain/M2069/SNV_filtered_trend.txt, /Users/reneeoles/Desktop/input/bakta/M2069/M2069.tsv
    output: /Users/reneeoles/Desktop/input/instrain/M2069/SNV_filtered_trend_trajectory_mapped.txt
    log: /Users/reneeoles/Desktop/input/logs/map_genes_M2069.log
    jobid: 1
    reason: Input files updated by another job: /Users/reneeoles/Desktop/input/instrain/M2069/SNV_filtered_trend.txt
    wildcards: patient=M2069
    resources: tmpdir=/var/folders/mc/c6ndbtvn6kn2jyz7c6ymt42h0000gn/T, mem_mb=16000, mem_mib=15259, threads=4

[Mon May 19 07:00:03 2025]
Finished job 1.
2 of 4 steps (50%) done
Select jobs to execute...

[Mon May 19 07:00:03 2025]
rule analyze_mutation_types:
    input: /Users/reneeoles/Desktop/input/bakta/M2069/M2069.fna, /Users/reneeoles/Desktop/input/instrain/M2069/SNV_filtered_trend_trajectory_mapped.txt
    output: /Users/reneeoles/Desktop/input/instrain/M2069/SNV_filtered_trend_trajectory_mapped_types.txt
    jobid: 5
    reason: Missing output files: /Users/reneeoles/Desktop/input/instrain/M2069/SNV_filtered_trend_trajectory_mapped_types.txt; Input files updated by another job: /Users/reneeoles/Desktop/input/instrain/M2069/SNV_filtered_trend_trajectory_mapped.txt
    wildcards: patient=M2069
    resources: tmpdir=/var/folders/mc/c6ndbtvn6kn2jyz7c6ymt42h0000gn/T

[Mon May 19 07:00:04 2025]
Error in rule analyze_mutation_types:
    jobid: 5
    input: /Users/reneeoles/Desktop/input/bakta/M2069/M2069.fna, /Users/reneeoles/Desktop/input/instrain/M2069/SNV_filtered_trend_trajectory_mapped.txt
    output: /Users/reneeoles/Desktop/input/instrain/M2069/SNV_filtered_trend_trajectory_mapped_types.txt
    shell:
        
        python strainscape/analyze_mutation_types.py             --mutation_file /Users/reneeoles/Desktop/input/instrain/M2069/SNV_filtered_trend_trajectory_mapped.txt             --reference_file /Users/reneeoles/Desktop/input/bakta/M2069/M2069.fna             --output_file /Users/reneeoles/Desktop/input/instrain/M2069/SNV_filtered_trend_trajectory_mapped_types.txt
        
        (one of the commands exited with non-zero exit code; note that snakemake uses bash strict mode!)

Shutting down, this might take some time.
Exiting because a job execution failed. Look above for error message
Complete log: .snakemake/log/2025-05-19T065951.567814.snakemake.log
