Building DAG of jobs...
Your conda installation is not configured to use strict channel priorities. This is however crucial for having robust and correct environments (for details, see https://conda-forge.org/docs/user/tipsandtricks.html). Please consider to configure strict priorities by executing 'conda config --set channel_priority strict'.
Using shell: /usr/bin/bash
Provided cores: 30
Rules claiming more threads will be scaled down.
Job stats:
job                       count
----------------------  -------
all                           1
analyze_mutation_types      107
bakta_coassembly              1
calculate_trends            107
combine_SNV_info            101
combine_scaffold_info       100
make_bin_txt                107
map_genes                   107
merge_snv_info              107
process_scaffolds           107
total                       845

Select jobs to execute...
Execute 30 jobs...

[Mon May 19 21:49:49 2025]
localrule combine_SNV_info:
    input: /ddn_scratch/roles/strain_analysis/iHMP/output/instrain/P6005/each/PSM6XBQM/output/PSM6XBQM_SNVs.tsv, /ddn_scratch/roles/strain_analysis/iHMP/output/instrain/P6005/each/PSM6XBQS/output/PSM6XBQS_SNVs.tsv, /ddn_scratch/roles/strain_analysis/iHMP/output/instrain/P6005/each/PSM6XBQU/output/PSM6XBQU_SNVs.tsv, /ddn_scratch/roles/strain_analysis/iHMP/output/instrain/P6005/each/PSM6XBQY/output/PSM6XBQY_SNVs.tsv, /ddn_scratch/roles/strain_analysis/iHMP/output/instrain/P6005/each/PSM6XBR1/output/PSM6XBR1_SNVs.tsv, /ddn_scratch/roles/strain_analysis/iHMP/output/instrain/P6005/each/PSM6XBSS/output/PSM6XBSS_SNVs.tsv, /ddn_scratch/roles/strain_analysis/iHMP/output/instrain/P6005/each/PSM6XBSU/output/PSM6XBSU_SNVs.tsv, /ddn_scratch/roles/strain_analysis/iHMP/output/instrain/P6005/each/PSM6XBT1/output/PSM6XBT1_SNVs.tsv, /ddn_scratch/roles/strain_analysis/iHMP/output/instrain/P6005/each/PSM7J136/output/PSM7J136_SNVs.tsv, /ddn_scratch/roles/strain_analysis/iHMP/output/instrain/P6005/each/PSM7J13E/output/PSM7J13E_SNVs.tsv, /ddn_scratch/roles/strain_analysis/iHMP/output/instrain/P6005/each/PSM7J1C8/output/PSM7J1C8_SNVs.tsv, /ddn_scratch/roles/strain_analysis/iHMP/output/instrain/P6005/each/PSM7J1CC/output/PSM7J1CC_SNVs.tsv, /ddn_scratch/roles/strain_analysis/iHMP/output/instrain/P6005/each/PSM7J1CG/output/PSM7J1CG_SNVs.tsv, /ddn_scratch/roles/strain_analysis/iHMP/output/instrain/P6005/each/PSM7J1CI/output/PSM7J1CI_SNVs.tsv
    output: /ddn_scratch/roles/strain_analysis/iHMP/output/instrain/P6005/combined_SNV_info.tsv
    jobid: 4399
    reason: Missing output files: /ddn_scratch/roles/strain_analysis/iHMP/output/instrain/P6005/combined_SNV_info.tsv
    wildcards: patient=P6005
    resources: tmpdir=/tmp


[Mon May 19 21:49:49 2025]
localrule make_bin_txt:
    input: /ddn_scratch/roles/strain_analysis/iHMP/output/bins/M2064
    output: /ddn_scratch/roles/strain_analysis/iHMP/output/assembly/M2064/bins.txt
    log: /ddn_scratch/roles/strain_analysis/iHMP/output/logs/make_bin_txt_M2064.log
    jobid: 2360
    reason: Missing output files: /ddn_scratch/roles/strain_analysis/iHMP/output/assembly/M2064/bins.txt
    wildcards: patient=M2064
    resources: tmpdir=/tmp


[Mon May 19 21:49:49 2025]
localrule combine_SNV_info:
    input: /ddn_scratch/roles/strain_analysis/iHMP/output/instrain/H4008/each/CSM7CZ2F/output/CSM7CZ2F_SNVs.tsv, /ddn_scratch/roles/strain_analysis/iHMP/output/instrain/H4008/each/HSM5MD57/output/HSM5MD57_SNVs.tsv, /ddn_scratch/roles/strain_analysis/iHMP/output/instrain/H4008/each/HSM5MD59/output/HSM5MD59_SNVs.tsv, /ddn_scratch/roles/strain_analysis/iHMP/output/instrain/H4008/each/HSM5MD5B/output/HSM5MD5B_SNVs.tsv, /ddn_scratch/roles/strain_analysis/iHMP/output/instrain/H4008/each/HSM5MD5D/output/HSM5MD5D_SNVs.tsv, /ddn_scratch/roles/strain_analysis/iHMP/output/instrain/H4008/each/HSM5MD5F/output/HSM5MD5F_SNVs.tsv, /ddn_scratch/roles/strain_analysis/iHMP/output/instrain/H4008/each/HSM5MD8A/output/HSM5MD8A_SNVs.tsv, /ddn_scratch/roles/strain_analysis/iHMP/output/instrain/H4008/each/HSM67VFX/output/HSM67VFX_SNVs.tsv, /ddn_scratch/roles/strain_analysis/iHMP/output/instrain/H4008/each/HSM67VFZ/output/HSM67VFZ_SNVs.tsv, /ddn_scratch/roles/strain_analysis/iHMP/output/instrain/H4008/each/HSM67VG2/output/HSM67VG2_SNVs.tsv, /ddn_scratch/roles/strain_analysis/iHMP/output/instrain/H4008/each/HSM67VG6/output/HSM67VG6_SNVs.tsv, /ddn_scratch/roles/strain_analysis/iHMP/output/instrain/H4008/each/HSM67VG8/output/HSM67VG8_SNVs.tsv, /ddn_scratch/roles/strain_analysis/iHMP/output/instrain/H4008/each/HSM6XRSX/output/HSM6XRSX_SNVs.tsv, /ddn_scratch/roles/strain_analysis/iHMP/output/instrain/H4008/each/HSM6XRSZ/output/HSM6XRSZ_SNVs.tsv, /ddn_scratch/roles/strain_analysis/iHMP/output/instrain/H4008/each/HSM6XRT2/output/HSM6XRT2_SNVs.tsv, /ddn_scratch/roles/strain_analysis/iHMP/output/instrain/H4008/each/HSM6XRT4/output/HSM6XRT4_SNVs.tsv, /ddn_scratch/roles/strain_analysis/iHMP/output/instrain/H4008/each/HSM6XRT6/output/HSM6XRT6_SNVs.tsv, /ddn_scratch/roles/strain_analysis/iHMP/output/instrain/H4008/each/HSM7CZ2H/output/HSM7CZ2H_SNVs.tsv, /ddn_scratch/roles/strain_analysis/iHMP/output/instrain/H4008/each/HSM7CZ2J/output/HSM7CZ2J_SNVs.tsv, /ddn_scratch/roles/strain_analysis/iHMP/output/instrain/H4008/each/HSM7CZ2L/output/HSM7CZ2L_SNVs.tsv
    output: /ddn_scratch/roles/strain_analysis/iHMP/output/instrain/H4008/combined_SNV_info.tsv
    jobid: 3179
    reason: Missing output files: /ddn_scratch/roles/strain_analysis/iHMP/output/instrain/H4008/combined_SNV_info.tsv
    wildcards: patient=H4008
    resources: tmpdir=/tmp


[Mon May 19 21:49:49 2025]
localrule combine_SNV_info:
    input: /ddn_scratch/roles/strain_analysis/iHMP/output/instrain/C3012/each/CSM5MCXF/output/CSM5MCXF_SNVs.tsv, /ddn_scratch/roles/strain_analysis/iHMP/output/instrain/C3012/each/CSM5MCZB/output/CSM5MCZB_SNVs.tsv, /ddn_scratch/roles/strain_analysis/iHMP/output/instrain/C3012/each/CSM5MCZD/output/CSM5MCZD_SNVs.tsv, /ddn_scratch/roles/strain_analysis/iHMP/output/instrain/C3012/each/CSM5MCZF/output/CSM5MCZF_SNVs.tsv, /ddn_scratch/roles/strain_analysis/iHMP/output/instrain/C3012/each/CSM67U9B/output/CSM67U9B_SNVs.tsv, /ddn_scratch/roles/strain_analysis/iHMP/output/instrain/C3012/each/CSM67U9D/output/CSM67U9D_SNVs.tsv, /ddn_scratch/roles/strain_analysis/iHMP/output/instrain/C3012/each/CSM67UGO/output/CSM67UGO_SNVs.tsv, /ddn_scratch/roles/strain_analysis/iHMP/output/instrain/C3012/each/CSM79HOJ/output/CSM79HOJ_SNVs.tsv, /ddn_scratch/roles/strain_analysis/iHMP/output/instrain/C3012/each/CSM79HOL/output/CSM79HOL_SNVs.tsv, /ddn_scratch/roles/strain_analysis/iHMP/output/instrain/C3012/each/CSM79HOT/output/CSM79HOT_SNVs.tsv, /ddn_scratch/roles/strain_analysis/iHMP/output/instrain/C3012/each/CSM7KOMX/output/CSM7KOMX_SNVs.tsv, /ddn_scratch/roles/strain_analysis/iHMP/output/instrain/C3012/each/CSM7KOMZ/output/CSM7KOMZ_SNVs.tsv, /ddn_scratch/roles/strain_analysis/iHMP/output/instrain/C3012/each/CSM7KON2/output/CSM7KON2_SNVs.tsv, /ddn_scratch/roles/strain_analysis/iHMP/output/instrain/C3012/each/CSM7KON8/output/CSM7KON8_SNVs.tsv
    output: /ddn_scratch/roles/strain_analysis/iHMP/output/instrain/C3012/combined_SNV_info.tsv
    jobid: 2636
    reason: Missing output files: /ddn_scratch/roles/strain_analysis/iHMP/output/instrain/C3012/combined_SNV_info.tsv
    wildcards: patient=C3012
    resources: tmpdir=/tmp


[Mon May 19 21:49:49 2025]
localrule make_bin_txt:
    input: /ddn_scratch/roles/strain_analysis/iHMP/output/bins/M2083
    output: /ddn_scratch/roles/strain_analysis/iHMP/output/assembly/M2083/bins.txt
    log: /ddn_scratch/roles/strain_analysis/iHMP/output/logs/make_bin_txt_M2083.log
    jobid: 2376
    reason: Missing output files: /ddn_scratch/roles/strain_analysis/iHMP/output/assembly/M2083/bins.txt
    wildcards: patient=M2083
    resources: tmpdir=/tmp


[Mon May 19 21:49:49 2025]
localrule make_bin_txt:
    input: /ddn_scratch/roles/strain_analysis/iHMP/output/bins/M2103
    output: /ddn_scratch/roles/strain_analysis/iHMP/output/assembly/M2103/bins.txt
    log: /ddn_scratch/roles/strain_analysis/iHMP/output/logs/make_bin_txt_M2103.log
    jobid: 2384
    reason: Missing output files: /ddn_scratch/roles/strain_analysis/iHMP/output/assembly/M2103/bins.txt
    wildcards: patient=M2103
    resources: tmpdir=/tmp


[Mon May 19 21:49:49 2025]
localrule make_bin_txt:
    input: /ddn_scratch/roles/strain_analysis/iHMP/output/bins/H4022
    output: /ddn_scratch/roles/strain_analysis/iHMP/output/assembly/H4022/bins.txt
    log: /ddn_scratch/roles/strain_analysis/iHMP/output/logs/make_bin_txt_H4022.log
    jobid: 2298
    reason: Missing output files: /ddn_scratch/roles/strain_analysis/iHMP/output/assembly/H4022/bins.txt
    wildcards: patient=H4022
    resources: tmpdir=/tmp


[Mon May 19 21:49:49 2025]
localrule make_bin_txt:
    input: /ddn_scratch/roles/strain_analysis/iHMP/output/bins/M2068
    output: /ddn_scratch/roles/strain_analysis/iHMP/output/assembly/M2068/bins.txt
    log: /ddn_scratch/roles/strain_analysis/iHMP/output/logs/make_bin_txt_M2068.log
    jobid: 2362
    reason: Missing output files: /ddn_scratch/roles/strain_analysis/iHMP/output/assembly/M2068/bins.txt
    wildcards: patient=M2068
    resources: tmpdir=/tmp


[Mon May 19 21:49:49 2025]
localrule combine_SNV_info:
    input: /ddn_scratch/roles/strain_analysis/iHMP/output/instrain/P6025/each/PSM7J12V/output/PSM7J12V_SNVs.tsv, /ddn_scratch/roles/strain_analysis/iHMP/output/instrain/P6025/each/PSM7J12Z/output/PSM7J12Z_SNVs.tsv, /ddn_scratch/roles/strain_analysis/iHMP/output/instrain/P6025/each/PSM7J1BV/output/PSM7J1BV_SNVs.tsv, /ddn_scratch/roles/strain_analysis/iHMP/output/instrain/P6025/each/PSM7J1BX/output/PSM7J1BX_SNVs.tsv, /ddn_scratch/roles/strain_analysis/iHMP/output/instrain/P6025/each/PSM7J1C2/output/PSM7J1C2_SNVs.tsv, /ddn_scratch/roles/strain_analysis/iHMP/output/instrain/P6025/each/PSM7J1C4/output/PSM7J1C4_SNVs.tsv, /ddn_scratch/roles/strain_analysis/iHMP/output/instrain/P6025/each/PSMA264K/output/PSMA264K_SNVs.tsv
    output: /ddn_scratch/roles/strain_analysis/iHMP/output/instrain/P6025/combined_SNV_info.tsv
    jobid: 4630
    reason: Missing output files: /ddn_scratch/roles/strain_analysis/iHMP/output/instrain/P6025/combined_SNV_info.tsv
    wildcards: patient=P6025
    resources: tmpdir=/tmp


[Mon May 19 21:49:49 2025]
localrule make_bin_txt:
    input: /ddn_scratch/roles/strain_analysis/iHMP/output/bins/H4023
    output: /ddn_scratch/roles/strain_analysis/iHMP/output/assembly/H4023/bins.txt
    log: /ddn_scratch/roles/strain_analysis/iHMP/output/logs/make_bin_txt_H4023.log
    jobid: 2300
    reason: Missing output files: /ddn_scratch/roles/strain_analysis/iHMP/output/assembly/H4023/bins.txt
    wildcards: patient=H4023
    resources: tmpdir=/tmp


[Mon May 19 21:49:49 2025]
localrule combine_scaffold_info:
    input: /ddn_scratch/roles/strain_analysis/iHMP/output/instrain/P6035/each/PSMA264O/output/PSMA264O_scaffold_info.tsv, /ddn_scratch/roles/strain_analysis/iHMP/output/instrain/P6035/each/PSMA264Q/output/PSMA264Q_scaffold_info.tsv, /ddn_scratch/roles/strain_analysis/iHMP/output/instrain/P6035/each/PSMA264S/output/PSMA264S_scaffold_info.tsv, /ddn_scratch/roles/strain_analysis/iHMP/output/instrain/P6035/each/PSMA264U/output/PSMA264U_scaffold_info.tsv, /ddn_scratch/roles/strain_analysis/iHMP/output/instrain/P6035/each/PSMA264W/output/PSMA264W_scaffold_info.tsv, /ddn_scratch/roles/strain_analysis/iHMP/output/instrain/P6035/each/PSMA267J/output/PSMA267J_scaffold_info.tsv, /ddn_scratch/roles/strain_analysis/iHMP/output/instrain/P6035/each/PSMA267P/output/PSMA267P_scaffold_info.tsv, /ddn_scratch/roles/strain_analysis/iHMP/output/instrain/P6035/each/PSMA267R/output/PSMA267R_scaffold_info.tsv, /ddn_scratch/roles/strain_analysis/iHMP/output/instrain/P6035/each/PSMB4MBI/output/PSMB4MBI_scaffold_info.tsv, /ddn_scratch/roles/strain_analysis/iHMP/output/instrain/P6035/each/PSMB4MBK/output/PSMB4MBK_scaffold_info.tsv, /ddn_scratch/roles/strain_analysis/iHMP/output/instrain/P6035/each/PSMB4MC7/output/PSMB4MC7_scaffold_info.tsv
    output: /ddn_scratch/roles/strain_analysis/iHMP/output/instrain/P6035/combined_scaffold_info.tsv
    jobid: 4693
    reason: Missing output files: /ddn_scratch/roles/strain_analysis/iHMP/output/instrain/P6035/combined_scaffold_info.tsv
    wildcards: patient=P6035
    resources: tmpdir=/tmp


[Mon May 19 21:49:49 2025]
localrule make_bin_txt:
    input: /ddn_scratch/roles/strain_analysis/iHMP/output/bins/H4030
    output: /ddn_scratch/roles/strain_analysis/iHMP/output/assembly/H4030/bins.txt
    log: /ddn_scratch/roles/strain_analysis/iHMP/output/logs/make_bin_txt_H4030.log
    jobid: 2308
    reason: Missing output files: /ddn_scratch/roles/strain_analysis/iHMP/output/assembly/H4030/bins.txt
    wildcards: patient=H4030
    resources: tmpdir=/tmp


[Mon May 19 21:49:49 2025]
localrule combine_SNV_info:
    input: /ddn_scratch/roles/strain_analysis/iHMP/output/instrain/H4019/each/HSM6XRQE/output/HSM6XRQE_SNVs.tsv, /ddn_scratch/roles/strain_analysis/iHMP/output/instrain/H4019/each/HSM6XRR5/output/HSM6XRR5_SNVs.tsv, /ddn_scratch/roles/strain_analysis/iHMP/output/instrain/H4019/each/HSM6XRR7/output/HSM6XRR7_SNVs.tsv, /ddn_scratch/roles/strain_analysis/iHMP/output/instrain/H4019/each/HSM6XRR9/output/HSM6XRR9_SNVs.tsv, /ddn_scratch/roles/strain_analysis/iHMP/output/instrain/H4019/each/HSM6XRRB/output/HSM6XRRB_SNVs.tsv, /ddn_scratch/roles/strain_analysis/iHMP/output/instrain/H4019/each/HSM6XRRD/output/HSM6XRRD_SNVs.tsv, /ddn_scratch/roles/strain_analysis/iHMP/output/instrain/H4019/each/HSM6XRUX/output/HSM6XRUX_SNVs.tsv, /ddn_scratch/roles/strain_analysis/iHMP/output/instrain/H4019/each/HSM6XRUZ/output/HSM6XRUZ_SNVs.tsv, /ddn_scratch/roles/strain_analysis/iHMP/output/instrain/H4019/each/HSM6XRV2/output/HSM6XRV2_SNVs.tsv, /ddn_scratch/roles/strain_analysis/iHMP/output/instrain/H4019/each/HSM6XRV4/output/HSM6XRV4_SNVs.tsv, /ddn_scratch/roles/strain_analysis/iHMP/output/instrain/H4019/each/HSM6XRV6/output/HSM6XRV6_SNVs.tsv, /ddn_scratch/roles/strain_analysis/iHMP/output/instrain/H4019/each/HSM6XRV8/output/HSM6XRV8_SNVs.tsv, /ddn_scratch/roles/strain_analysis/iHMP/output/instrain/H4019/each/HSM7J4M4/output/HSM7J4M4_SNVs.tsv, /ddn_scratch/roles/strain_analysis/iHMP/output/instrain/H4019/each/HSM7J4M6/output/HSM7J4M6_SNVs.tsv, /ddn_scratch/roles/strain_analysis/iHMP/output/instrain/H4019/each/HSM7J4M8/output/HSM7J4M8_SNVs.tsv, /ddn_scratch/roles/strain_analysis/iHMP/output/instrain/H4019/each/HSM7J4MA/output/HSM7J4MA_SNVs.tsv, /ddn_scratch/roles/strain_analysis/iHMP/output/instrain/H4019/each/HSM7J4MC/output/HSM7J4MC_SNVs.tsv, /ddn_scratch/roles/strain_analysis/iHMP/output/instrain/H4019/each/HSM7J4ME/output/HSM7J4ME_SNVs.tsv, /ddn_scratch/roles/strain_analysis/iHMP/output/instrain/H4019/each/HSM7J4PC/output/HSM7J4PC_SNVs.tsv, /ddn_scratch/roles/strain_analysis/iHMP/output/instrain/H4019/each/HSM7J4PE/output/HSM7J4PE_SNVs.tsv, /ddn_scratch/roles/strain_analysis/iHMP/output/instrain/H4019/each/HSM7J4PG/output/HSM7J4PG_SNVs.tsv, /ddn_scratch/roles/strain_analysis/iHMP/output/instrain/H4019/each/HSM7J4PI/output/HSM7J4PI_SNVs.tsv, /ddn_scratch/roles/strain_analysis/iHMP/output/instrain/H4019/each/HSM7J4PK/output/HSM7J4PK_SNVs.tsv, /ddn_scratch/roles/strain_analysis/iHMP/output/instrain/H4019/each/HSM7J4PM/output/HSM7J4PM_SNVs.tsv
    output: /ddn_scratch/roles/strain_analysis/iHMP/output/instrain/H4019/combined_SNV_info.tsv
    jobid: 3379
    reason: Missing output files: /ddn_scratch/roles/strain_analysis/iHMP/output/instrain/H4019/combined_SNV_info.tsv
    wildcards: patient=H4019
    resources: tmpdir=/tmp


[Mon May 19 21:49:49 2025]
localrule make_bin_txt:
    input: /ddn_scratch/roles/strain_analysis/iHMP/output/bins/M2069
    output: /ddn_scratch/roles/strain_analysis/iHMP/output/assembly/M2069/bins.txt
    log: /ddn_scratch/roles/strain_analysis/iHMP/output/logs/make_bin_txt_M2069.log
    jobid: 2364
    reason: Missing output files: /ddn_scratch/roles/strain_analysis/iHMP/output/assembly/M2069/bins.txt
    wildcards: patient=M2069
    resources: tmpdir=/tmp


[Mon May 19 21:49:49 2025]
localrule combine_scaffold_info:
    input: /ddn_scratch/roles/strain_analysis/iHMP/output/instrain/M2014/each/CSM5LLGB/output/CSM5LLGB_scaffold_info.tsv, /ddn_scratch/roles/strain_analysis/iHMP/output/instrain/M2014/each/MSM5FZ9X/output/MSM5FZ9X_scaffold_info.tsv, /ddn_scratch/roles/strain_analysis/iHMP/output/instrain/M2014/each/MSM5FZA2/output/MSM5FZA2_scaffold_info.tsv, /ddn_scratch/roles/strain_analysis/iHMP/output/instrain/M2014/each/MSM5LLGD/output/MSM5LLGD_scaffold_info.tsv, /ddn_scratch/roles/strain_analysis/iHMP/output/instrain/M2014/each/MSM5LLGF/output/MSM5LLGF_scaffold_info.tsv, /ddn_scratch/roles/strain_analysis/iHMP/output/instrain/M2014/each/MSM5LLGH/output/MSM5LLGH_scaffold_info.tsv, /ddn_scratch/roles/strain_analysis/iHMP/output/instrain/M2014/each/MSM5LLGJ/output/MSM5LLGJ_scaffold_info.tsv, /ddn_scratch/roles/strain_analysis/iHMP/output/instrain/M2014/each/MSM5LLGL/output/MSM5LLGL_scaffold_info.tsv, /ddn_scratch/roles/strain_analysis/iHMP/output/instrain/M2014/each/MSM5ZOJY/output/MSM5ZOJY_scaffold_info.tsv, /ddn_scratch/roles/strain_analysis/iHMP/output/instrain/M2014/each/MSM633FF/output/MSM633FF_scaffold_info.tsv, /ddn_scratch/roles/strain_analysis/iHMP/output/instrain/M2014/each/MSM6J2IQ/output/MSM6J2IQ_scaffold_info.tsv, /ddn_scratch/roles/strain_analysis/iHMP/output/instrain/M2014/each/MSM6J2IY/output/MSM6J2IY_scaffold_info.tsv, /ddn_scratch/roles/strain_analysis/iHMP/output/instrain/M2014/each/MSM6J2J1/output/MSM6J2J1_scaffold_info.tsv, /ddn_scratch/roles/strain_analysis/iHMP/output/instrain/M2014/each/MSM6J2QR/output/MSM6J2QR_scaffold_info.tsv
    output: /ddn_scratch/roles/strain_analysis/iHMP/output/instrain/M2014/combined_scaffold_info.tsv
    jobid: 3812
    reason: Missing output files: /ddn_scratch/roles/strain_analysis/iHMP/output/instrain/M2014/combined_scaffold_info.tsv
    wildcards: patient=M2014
    resources: tmpdir=/tmp


[Mon May 19 21:49:50 2025]
localrule combine_scaffold_info:
    input: /ddn_scratch/roles/strain_analysis/iHMP/output/instrain/P6025/each/PSM7J12V/output/PSM7J12V_scaffold_info.tsv, /ddn_scratch/roles/strain_analysis/iHMP/output/instrain/P6025/each/PSM7J12Z/output/PSM7J12Z_scaffold_info.tsv, /ddn_scratch/roles/strain_analysis/iHMP/output/instrain/P6025/each/PSM7J1BV/output/PSM7J1BV_scaffold_info.tsv, /ddn_scratch/roles/strain_analysis/iHMP/output/instrain/P6025/each/PSM7J1BX/output/PSM7J1BX_scaffold_info.tsv, /ddn_scratch/roles/strain_analysis/iHMP/output/instrain/P6025/each/PSM7J1C2/output/PSM7J1C2_scaffold_info.tsv, /ddn_scratch/roles/strain_analysis/iHMP/output/instrain/P6025/each/PSM7J1C4/output/PSM7J1C4_scaffold_info.tsv, /ddn_scratch/roles/strain_analysis/iHMP/output/instrain/P6025/each/PSMA264K/output/PSMA264K_scaffold_info.tsv
    output: /ddn_scratch/roles/strain_analysis/iHMP/output/instrain/P6025/combined_scaffold_info.tsv
    jobid: 4639
    reason: Missing output files: /ddn_scratch/roles/strain_analysis/iHMP/output/instrain/P6025/combined_scaffold_info.tsv
    wildcards: patient=P6025
    resources: tmpdir=/tmp

[Mon May 19 21:49:50 2025]
localrule make_bin_txt:
    input: /ddn_scratch/roles/strain_analysis/iHMP/output/bins/M2077
    output: /ddn_scratch/roles/strain_analysis/iHMP/output/assembly/M2077/bins.txt
    log: /ddn_scratch/roles/strain_analysis/iHMP/output/logs/make_bin_txt_M2077.log
    jobid: 2372
    reason: Missing output files: /ddn_scratch/roles/strain_analysis/iHMP/output/assembly/M2077/bins.txt
    wildcards: patient=M2077
    resources: tmpdir=/tmp


[Mon May 19 21:49:50 2025]
localrule combine_scaffold_info:
    input: /ddn_scratch/roles/strain_analysis/iHMP/output/instrain/P6017/each/PSM6XBW1/output/PSM6XBW1_scaffold_info.tsv, /ddn_scratch/roles/strain_analysis/iHMP/output/instrain/P6017/each/PSM7J16U/output/PSM7J16U_scaffold_info.tsv, /ddn_scratch/roles/strain_analysis/iHMP/output/instrain/P6017/each/PSM7J16W/output/PSM7J16W_scaffold_info.tsv, /ddn_scratch/roles/strain_analysis/iHMP/output/instrain/P6017/each/PSM7J16Y/output/PSM7J16Y_scaffold_info.tsv, /ddn_scratch/roles/strain_analysis/iHMP/output/instrain/P6017/each/PSM7J171/output/PSM7J171_scaffold_info.tsv, /ddn_scratch/roles/strain_analysis/iHMP/output/instrain/P6017/each/PSM7J173/output/PSM7J173_scaffold_info.tsv, /ddn_scratch/roles/strain_analysis/iHMP/output/instrain/P6017/each/PSM7J19N/output/PSM7J19N_scaffold_info.tsv, /ddn_scratch/roles/strain_analysis/iHMP/output/instrain/P6017/each/PSM7J19P/output/PSM7J19P_scaffold_info.tsv, /ddn_scratch/roles/strain_analysis/iHMP/output/instrain/P6017/each/PSM7J19R/output/PSM7J19R_scaffold_info.tsv, /ddn_scratch/roles/strain_analysis/iHMP/output/instrain/P6017/each/PSM7J19T/output/PSM7J19T_scaffold_info.tsv
    output: /ddn_scratch/roles/strain_analysis/iHMP/output/instrain/P6017/combined_scaffold_info.tsv
    jobid: 4576
    reason: Missing output files: /ddn_scratch/roles/strain_analysis/iHMP/output/instrain/P6017/combined_scaffold_info.tsv
    wildcards: patient=P6017
    resources: tmpdir=/tmp


[Mon May 19 21:49:50 2025]
localrule combine_scaffold_info:
    input: /ddn_scratch/roles/strain_analysis/iHMP/output/instrain/M2097/each/MSM9VZL5/output/MSM9VZL5_scaffold_info.tsv, /ddn_scratch/roles/strain_analysis/iHMP/output/instrain/M2097/each/MSMA26DG/output/MSMA26DG_scaffold_info.tsv, /ddn_scratch/roles/strain_analysis/iHMP/output/instrain/M2097/each/MSMA26DI/output/MSMA26DI_scaffold_info.tsv, /ddn_scratch/roles/strain_analysis/iHMP/output/instrain/M2097/each/MSMA26DK/output/MSMA26DK_scaffold_info.tsv, /ddn_scratch/roles/strain_analysis/iHMP/output/instrain/M2097/each/MSMA26DM/output/MSMA26DM_scaffold_info.tsv, /ddn_scratch/roles/strain_analysis/iHMP/output/instrain/M2097/each/MSMA26DO/output/MSMA26DO_scaffold_info.tsv, /ddn_scratch/roles/strain_analysis/iHMP/output/instrain/M2097/each/MSMAPC5H/output/MSMAPC5H_scaffold_info.tsv, /ddn_scratch/roles/strain_analysis/iHMP/output/instrain/M2097/each/MSMAPC5L/output/MSMAPC5L_scaffold_info.tsv, /ddn_scratch/roles/strain_analysis/iHMP/output/instrain/M2097/each/MSMB4LXS/output/MSMB4LXS_scaffold_info.tsv, /ddn_scratch/roles/strain_analysis/iHMP/output/instrain/M2097/each/MSMB4LXW/output/MSMB4LXW_scaffold_info.tsv, /ddn_scratch/roles/strain_analysis/iHMP/output/instrain/M2097/each/MSMB4LZK/output/MSMB4LZK_scaffold_info.tsv
    output: /ddn_scratch/roles/strain_analysis/iHMP/output/instrain/M2097/combined_scaffold_info.tsv
    jobid: 4380
    reason: Missing output files: /ddn_scratch/roles/strain_analysis/iHMP/output/instrain/M2097/combined_scaffold_info.tsv
    wildcards: patient=M2097
    resources: tmpdir=/tmp


[Mon May 19 21:49:50 2025]
localrule combine_scaffold_info:
    input: /ddn_scratch/roles/strain_analysis/iHMP/output/instrain/H4020/each/HSM67VCX/output/HSM67VCX_scaffold_info.tsv, /ddn_scratch/roles/strain_analysis/iHMP/output/instrain/H4020/each/HSM67VCZ/output/HSM67VCZ_scaffold_info.tsv, /ddn_scratch/roles/strain_analysis/iHMP/output/instrain/H4020/each/HSM67VD2/output/HSM67VD2_scaffold_info.tsv, /ddn_scratch/roles/strain_analysis/iHMP/output/instrain/H4020/each/HSM67VD4/output/HSM67VD4_scaffold_info.tsv, /ddn_scratch/roles/strain_analysis/iHMP/output/instrain/H4020/each/HSM67VD6/output/HSM67VD6_scaffold_info.tsv, /ddn_scratch/roles/strain_analysis/iHMP/output/instrain/H4020/each/HSM67VHB/output/HSM67VHB_scaffold_info.tsv, /ddn_scratch/roles/strain_analysis/iHMP/output/instrain/H4020/each/HSM67VHD/output/HSM67VHD_scaffold_info.tsv, /ddn_scratch/roles/strain_analysis/iHMP/output/instrain/H4020/each/HSM67VHF/output/HSM67VHF_scaffold_info.tsv, /ddn_scratch/roles/strain_analysis/iHMP/output/instrain/H4020/each/HSM67VHH/output/HSM67VHH_scaffold_info.tsv, /ddn_scratch/roles/strain_analysis/iHMP/output/instrain/H4020/each/HSM67VHJ/output/HSM67VHJ_scaffold_info.tsv, /ddn_scratch/roles/strain_analysis/iHMP/output/instrain/H4020/each/HSM6XRR3/output/HSM6XRR3_scaffold_info.tsv, /ddn_scratch/roles/strain_analysis/iHMP/output/instrain/H4020/each/HSM6XRUV/output/HSM6XRUV_scaffold_info.tsv, /ddn_scratch/roles/strain_analysis/iHMP/output/instrain/H4020/each/HSM7J4IO/output/HSM7J4IO_scaffold_info.tsv, /ddn_scratch/roles/strain_analysis/iHMP/output/instrain/H4020/each/HSM7J4IP/output/HSM7J4IP_scaffold_info.tsv, /ddn_scratch/roles/strain_analysis/iHMP/output/instrain/H4020/each/HSM7J4IQ/output/HSM7J4IQ_scaffold_info.tsv, /ddn_scratch/roles/strain_analysis/iHMP/output/instrain/H4020/each/HSM7J4IR/output/HSM7J4IR_scaffold_info.tsv, /ddn_scratch/roles/strain_analysis/iHMP/output/instrain/H4020/each/HSM7J4IS/output/HSM7J4IS_scaffold_info.tsv, /ddn_scratch/roles/strain_analysis/iHMP/output/instrain/H4020/each/HSM7J4PO/output/HSM7J4PO_scaffold_info.tsv, /ddn_scratch/roles/strain_analysis/iHMP/output/instrain/H4020/each/HSM7J4PQ/output/HSM7J4PQ_scaffold_info.tsv, /ddn_scratch/roles/strain_analysis/iHMP/output/instrain/H4020/each/HSM7J4PS/output/HSM7J4PS_scaffold_info.tsv, /ddn_scratch/roles/strain_analysis/iHMP/output/instrain/H4020/each/HSM7J4PU/output/HSM7J4PU_scaffold_info.tsv, /ddn_scratch/roles/strain_analysis/iHMP/output/instrain/H4020/each/HSM7J4PW/output/HSM7J4PW_scaffold_info.tsv, /ddn_scratch/roles/strain_analysis/iHMP/output/instrain/H4020/each/HSM7J4PY/output/HSM7J4PY_scaffold_info.tsv
    output: /ddn_scratch/roles/strain_analysis/iHMP/output/instrain/H4020/combined_scaffold_info.tsv
    jobid: 3435
    reason: Missing output files: /ddn_scratch/roles/strain_analysis/iHMP/output/instrain/H4020/combined_scaffold_info.tsv
    wildcards: patient=H4020
    resources: tmpdir=/tmp


[Mon May 19 21:49:50 2025]
localrule make_bin_txt:
    input: /ddn_scratch/roles/strain_analysis/iHMP/output/bins/H4024
    output: /ddn_scratch/roles/strain_analysis/iHMP/output/assembly/H4024/bins.txt
    log: /ddn_scratch/roles/strain_analysis/iHMP/output/logs/make_bin_txt_H4024.log
    jobid: 2302
    reason: Missing output files: /ddn_scratch/roles/strain_analysis/iHMP/output/assembly/H4024/bins.txt
    wildcards: patient=H4024
    resources: tmpdir=/tmp


[Mon May 19 21:49:50 2025]
localrule make_bin_txt:
    input: /ddn_scratch/roles/strain_analysis/iHMP/output/bins/H4031
    output: /ddn_scratch/roles/strain_analysis/iHMP/output/assembly/H4031/bins.txt
    log: /ddn_scratch/roles/strain_analysis/iHMP/output/logs/make_bin_txt_H4031.log
    jobid: 2310
    reason: Missing output files: /ddn_scratch/roles/strain_analysis/iHMP/output/assembly/H4031/bins.txt
    wildcards: patient=H4031
    resources: tmpdir=/tmp


[Mon May 19 21:49:50 2025]
localrule combine_SNV_info:
    input: /ddn_scratch/roles/strain_analysis/iHMP/output/instrain/M2039/each/CSM6J2H9/output/CSM6J2H9_SNVs.tsv, /ddn_scratch/roles/strain_analysis/iHMP/output/instrain/M2039/each/MSM6J2HN/output/MSM6J2HN_SNVs.tsv, /ddn_scratch/roles/strain_analysis/iHMP/output/instrain/M2039/each/MSM6J2HP/output/MSM6J2HP_SNVs.tsv, /ddn_scratch/roles/strain_analysis/iHMP/output/instrain/M2039/each/MSM6J2HR/output/MSM6J2HR_SNVs.tsv, /ddn_scratch/roles/strain_analysis/iHMP/output/instrain/M2039/each/MSM6J2HT/output/MSM6J2HT_SNVs.tsv, /ddn_scratch/roles/strain_analysis/iHMP/output/instrain/M2039/each/MSM6J2QF/output/MSM6J2QF_SNVs.tsv, /ddn_scratch/roles/strain_analysis/iHMP/output/instrain/M2039/each/MSM6J2QH/output/MSM6J2QH_SNVs.tsv, /ddn_scratch/roles/strain_analysis/iHMP/output/instrain/M2039/each/MSM6J2QJ/output/MSM6J2QJ_SNVs.tsv, /ddn_scratch/roles/strain_analysis/iHMP/output/instrain/M2039/each/MSM6J2QL/output/MSM6J2QL_SNVs.tsv, /ddn_scratch/roles/strain_analysis/iHMP/output/instrain/M2039/each/MSM6J2QP/output/MSM6J2QP_SNVs.tsv, /ddn_scratch/roles/strain_analysis/iHMP/output/instrain/M2039/each/MSM79H5Q/output/MSM79H5Q_SNVs.tsv, /ddn_scratch/roles/strain_analysis/iHMP/output/instrain/M2039/each/MSM79H5S/output/MSM79H5S_SNVs.tsv, /ddn_scratch/roles/strain_analysis/iHMP/output/instrain/M2039/each/MSM79H5U/output/MSM79H5U_SNVs.tsv, /ddn_scratch/roles/strain_analysis/iHMP/output/instrain/M2039/each/MSM79H5Y/output/MSM79H5Y_SNVs.tsv, /ddn_scratch/roles/strain_analysis/iHMP/output/instrain/M2039/each/MSM79HAH/output/MSM79HAH_SNVs.tsv
    output: /ddn_scratch/roles/strain_analysis/iHMP/output/instrain/M2039/combined_SNV_info.tsv
    jobid: 3948
    reason: Missing output files: /ddn_scratch/roles/strain_analysis/iHMP/output/instrain/M2039/combined_SNV_info.tsv
    wildcards: patient=M2039
    resources: tmpdir=/tmp


[Mon May 19 21:49:50 2025]
localrule combine_SNV_info:
    input: /ddn_scratch/roles/strain_analysis/iHMP/output/instrain/C3032/each/CSM7KOP6/output/CSM7KOP6_SNVs.tsv, /ddn_scratch/roles/strain_analysis/iHMP/output/instrain/C3032/each/CSM7KOP8/output/CSM7KOP8_SNVs.tsv, /ddn_scratch/roles/strain_analysis/iHMP/output/instrain/C3032/each/CSM7KOPE/output/CSM7KOPE_SNVs.tsv, /ddn_scratch/roles/strain_analysis/iHMP/output/instrain/C3032/each/CSM7KOU7/output/CSM7KOU7_SNVs.tsv, /ddn_scratch/roles/strain_analysis/iHMP/output/instrain/C3032/each/CSM7KOU9/output/CSM7KOU9_SNVs.tsv, /ddn_scratch/roles/strain_analysis/iHMP/output/instrain/C3032/each/CSM7KOUB/output/CSM7KOUB_SNVs.tsv, /ddn_scratch/roles/strain_analysis/iHMP/output/instrain/C3032/each/CSM9X1ZO/output/CSM9X1ZO_SNVs.tsv, /ddn_scratch/roles/strain_analysis/iHMP/output/instrain/C3032/each/CSM9X1ZQ/output/CSM9X1ZQ_SNVs.tsv, /ddn_scratch/roles/strain_analysis/iHMP/output/instrain/C3032/each/CSM9X1ZY/output/CSM9X1ZY_SNVs.tsv, /ddn_scratch/roles/strain_analysis/iHMP/output/instrain/C3032/each/CSM9X22I/output/CSM9X22I_SNVs.tsv, /ddn_scratch/roles/strain_analysis/iHMP/output/instrain/C3032/each/CSM9X22K/output/CSM9X22K_SNVs.tsv
    output: /ddn_scratch/roles/strain_analysis/iHMP/output/instrain/C3032/combined_SNV_info.tsv
    jobid: 2933
    reason: Missing output files: /ddn_scratch/roles/strain_analysis/iHMP/output/instrain/C3032/combined_SNV_info.tsv
    wildcards: patient=C3032
    resources: tmpdir=/tmp


[Mon May 19 21:49:50 2025]
localrule make_bin_txt:
    input: /ddn_scratch/roles/strain_analysis/iHMP/output/bins/M2071
    output: /ddn_scratch/roles/strain_analysis/iHMP/output/assembly/M2071/bins.txt
    log: /ddn_scratch/roles/strain_analysis/iHMP/output/logs/make_bin_txt_M2071.log
    jobid: 2366
    reason: Missing output files: /ddn_scratch/roles/strain_analysis/iHMP/output/assembly/M2071/bins.txt
    wildcards: patient=M2071
    resources: tmpdir=/tmp


[Mon May 19 21:49:50 2025]
localrule combine_scaffold_info:
    input: /ddn_scratch/roles/strain_analysis/iHMP/output/instrain/H4015/each/HSM5MD5X/output/HSM5MD5X_scaffold_info.tsv, /ddn_scratch/roles/strain_analysis/iHMP/output/instrain/H4015/each/HSM5MD62/output/HSM5MD62_scaffold_info.tsv, /ddn_scratch/roles/strain_analysis/iHMP/output/instrain/H4015/each/HSM5MD6Y/output/HSM5MD6Y_scaffold_info.tsv, /ddn_scratch/roles/strain_analysis/iHMP/output/instrain/H4015/each/HSM5MD71/output/HSM5MD71_scaffold_info.tsv, /ddn_scratch/roles/strain_analysis/iHMP/output/instrain/H4015/each/HSM5MD73/output/HSM5MD73_scaffold_info.tsv, /ddn_scratch/roles/strain_analysis/iHMP/output/instrain/H4015/each/HSM5MD75/output/HSM5MD75_scaffold_info.tsv, /ddn_scratch/roles/strain_analysis/iHMP/output/instrain/H4015/each/HSM6XRS4/output/HSM6XRS4_scaffold_info.tsv, /ddn_scratch/roles/strain_analysis/iHMP/output/instrain/H4015/each/HSM6XRS6/output/HSM6XRS6_scaffold_info.tsv, /ddn_scratch/roles/strain_analysis/iHMP/output/instrain/H4015/each/HSM6XRS8/output/HSM6XRS8_scaffold_info.tsv, /ddn_scratch/roles/strain_analysis/iHMP/output/instrain/H4015/each/HSM6XRSE/output/HSM6XRSE_scaffold_info.tsv, /ddn_scratch/roles/strain_analysis/iHMP/output/instrain/H4015/each/HSM7CYZ5/output/HSM7CYZ5_scaffold_info.tsv, /ddn_scratch/roles/strain_analysis/iHMP/output/instrain/H4015/each/HSM7CYZ7/output/HSM7CYZ7_scaffold_info.tsv, /ddn_scratch/roles/strain_analysis/iHMP/output/instrain/H4015/each/HSM7CYZ9/output/HSM7CYZ9_scaffold_info.tsv, /ddn_scratch/roles/strain_analysis/iHMP/output/instrain/H4015/each/HSM7CYZB/output/HSM7CYZB_scaffold_info.tsv, /ddn_scratch/roles/strain_analysis/iHMP/output/instrain/H4015/each/HSM7CYZD/output/HSM7CYZD_scaffold_info.tsv, /ddn_scratch/roles/strain_analysis/iHMP/output/instrain/H4015/each/HSM7CYZF/output/HSM7CYZF_scaffold_info.tsv, /ddn_scratch/roles/strain_analysis/iHMP/output/instrain/H4015/each/HSM7J4QB/output/HSM7J4QB_scaffold_info.tsv, /ddn_scratch/roles/strain_analysis/iHMP/output/instrain/H4015/each/HSM7J4QD/output/HSM7J4QD_scaffold_info.tsv, /ddn_scratch/roles/strain_analysis/iHMP/output/instrain/H4015/each/HSM7J4QF/output/HSM7J4QF_scaffold_info.tsv, /ddn_scratch/roles/strain_analysis/iHMP/output/instrain/H4015/each/HSM7J4QH/output/HSM7J4QH_scaffold_info.tsv, /ddn_scratch/roles/strain_analysis/iHMP/output/instrain/H4015/each/HSM7J4QJ/output/HSM7J4QJ_scaffold_info.tsv, /ddn_scratch/roles/strain_analysis/iHMP/output/instrain/H4015/each/HSM7J4QL/output/HSM7J4QL_scaffold_info.tsv
    output: /ddn_scratch/roles/strain_analysis/iHMP/output/instrain/H4015/combined_scaffold_info.tsv
    jobid: 3310
    reason: Missing output files: /ddn_scratch/roles/strain_analysis/iHMP/output/instrain/H4015/combined_scaffold_info.tsv
    wildcards: patient=H4015
    resources: tmpdir=/tmp


[Mon May 19 21:49:50 2025]
localrule make_bin_txt:
    input: /ddn_scratch/roles/strain_analysis/iHMP/output/bins/M2079
    output: /ddn_scratch/roles/strain_analysis/iHMP/output/assembly/M2079/bins.txt
    log: /ddn_scratch/roles/strain_analysis/iHMP/output/logs/make_bin_txt_M2079.log
    jobid: 2374
    reason: Missing output files: /ddn_scratch/roles/strain_analysis/iHMP/output/assembly/M2079/bins.txt
    wildcards: patient=M2079
    resources: tmpdir=/tmp


[Mon May 19 21:49:50 2025]
localrule make_bin_txt:
    input: /ddn_scratch/roles/strain_analysis/iHMP/output/bins/H4020
    output: /ddn_scratch/roles/strain_analysis/iHMP/output/assembly/H4020/bins.txt
    log: /ddn_scratch/roles/strain_analysis/iHMP/output/logs/make_bin_txt_H4020.log
    jobid: 2296
    reason: Missing output files: /ddn_scratch/roles/strain_analysis/iHMP/output/assembly/H4020/bins.txt
    wildcards: patient=H4020
    resources: tmpdir=/tmp


[Mon May 19 21:49:50 2025]
localrule make_bin_txt:
    input: /ddn_scratch/roles/strain_analysis/iHMP/output/bins/H4027
    output: /ddn_scratch/roles/strain_analysis/iHMP/output/assembly/H4027/bins.txt
    log: /ddn_scratch/roles/strain_analysis/iHMP/output/logs/make_bin_txt_H4027.log
    jobid: 2304
    reason: Missing output files: /ddn_scratch/roles/strain_analysis/iHMP/output/assembly/H4027/bins.txt
    wildcards: patient=H4027
    resources: tmpdir=/tmp


[Mon May 19 21:49:50 2025]
localrule combine_SNV_info:
    input: /ddn_scratch/roles/strain_analysis/iHMP/output/instrain/P6037/each/PSM7J4EF/output/PSM7J4EF_SNVs.tsv, /ddn_scratch/roles/strain_analysis/iHMP/output/instrain/P6037/each/PSMA266I/output/PSMA266I_SNVs.tsv, /ddn_scratch/roles/strain_analysis/iHMP/output/instrain/P6037/each/PSMA266M/output/PSMA266M_SNVs.tsv, /ddn_scratch/roles/strain_analysis/iHMP/output/instrain/P6037/each/PSMA266O/output/PSMA266O_SNVs.tsv, /ddn_scratch/roles/strain_analysis/iHMP/output/instrain/P6037/each/PSMA266Q/output/PSMA266Q_SNVs.tsv, /ddn_scratch/roles/strain_analysis/iHMP/output/instrain/P6037/each/PSMA269G/output/PSMA269G_SNVs.tsv, /ddn_scratch/roles/strain_analysis/iHMP/output/instrain/P6037/each/PSMA269O/output/PSMA269O_SNVs.tsv, /ddn_scratch/roles/strain_analysis/iHMP/output/instrain/P6037/each/PSMB4MBS/output/PSMB4MBS_SNVs.tsv
    output: /ddn_scratch/roles/strain_analysis/iHMP/output/instrain/P6037/combined_SNV_info.tsv
    jobid: 4698
    reason: Missing output files: /ddn_scratch/roles/strain_analysis/iHMP/output/instrain/P6037/combined_SNV_info.tsv
    wildcards: patient=P6037
    resources: tmpdir=/tmp

[Mon May 19 21:49:58 2025]
Error in rule make_bin_txt:
    jobid: 2360
    input: /ddn_scratch/roles/strain_analysis/iHMP/output/bins/M2064
    output: /ddn_scratch/roles/strain_analysis/iHMP/output/assembly/M2064/bins.txt
    log: /ddn_scratch/roles/strain_analysis/iHMP/output/logs/make_bin_txt_M2064.log (check log file(s) for error details)
    shell:
        
        python ../strainscape/make_bin_txt.py             --bin_dir /ddn_scratch/roles/strain_analysis/iHMP/output/bins/M2064             --output_file /ddn_scratch/roles/strain_analysis/iHMP/output/assembly/M2064/bins.txt             --log_file /ddn_scratch/roles/strain_analysis/iHMP/output/logs/make_bin_txt_M2064.log 2>&1
        
        (one of the commands exited with non-zero exit code; note that snakemake uses bash strict mode!)

[Mon May 19 21:49:59 2025]
Error in rule make_bin_txt:
    jobid: 2362
    input: /ddn_scratch/roles/strain_analysis/iHMP/output/bins/M2068
    output: /ddn_scratch/roles/strain_analysis/iHMP/output/assembly/M2068/bins.txt
    log: /ddn_scratch/roles/strain_analysis/iHMP/output/logs/make_bin_txt_M2068.log (check log file(s) for error details)
    shell:
        
        python ../strainscape/make_bin_txt.py             --bin_dir /ddn_scratch/roles/strain_analysis/iHMP/output/bins/M2068             --output_file /ddn_scratch/roles/strain_analysis/iHMP/output/assembly/M2068/bins.txt             --log_file /ddn_scratch/roles/strain_analysis/iHMP/output/logs/make_bin_txt_M2068.log 2>&1
        
        (one of the commands exited with non-zero exit code; note that snakemake uses bash strict mode!)

[Mon May 19 21:49:59 2025]
Error in rule make_bin_txt:
    jobid: 2384
    input: /ddn_scratch/roles/strain_analysis/iHMP/output/bins/M2103
    output: /ddn_scratch/roles/strain_analysis/iHMP/output/assembly/M2103/bins.txt
    log: /ddn_scratch/roles/strain_analysis/iHMP/output/logs/make_bin_txt_M2103.log (check log file(s) for error details)
    shell:
        
        python ../strainscape/make_bin_txt.py             --bin_dir /ddn_scratch/roles/strain_analysis/iHMP/output/bins/M2103             --output_file /ddn_scratch/roles/strain_analysis/iHMP/output/assembly/M2103/bins.txt             --log_file /ddn_scratch/roles/strain_analysis/iHMP/output/logs/make_bin_txt_M2103.log 2>&1
        
        (one of the commands exited with non-zero exit code; note that snakemake uses bash strict mode!)

[Mon May 19 21:49:59 2025]
Error in rule make_bin_txt:
    jobid: 2366
    input: /ddn_scratch/roles/strain_analysis/iHMP/output/bins/M2071
    output: /ddn_scratch/roles/strain_analysis/iHMP/output/assembly/M2071/bins.txt
    log: /ddn_scratch/roles/strain_analysis/iHMP/output/logs/make_bin_txt_M2071.log (check log file(s) for error details)
    shell:
        
        python ../strainscape/make_bin_txt.py             --bin_dir /ddn_scratch/roles/strain_analysis/iHMP/output/bins/M2071             --output_file /ddn_scratch/roles/strain_analysis/iHMP/output/assembly/M2071/bins.txt             --log_file /ddn_scratch/roles/strain_analysis/iHMP/output/logs/make_bin_txt_M2071.log 2>&1
        
        (one of the commands exited with non-zero exit code; note that snakemake uses bash strict mode!)

[Mon May 19 21:49:59 2025]
Error in rule make_bin_txt:
    jobid: 2376
    input: /ddn_scratch/roles/strain_analysis/iHMP/output/bins/M2083
    output: /ddn_scratch/roles/strain_analysis/iHMP/output/assembly/M2083/bins.txt
    log: /ddn_scratch/roles/strain_analysis/iHMP/output/logs/make_bin_txt_M2083.log (check log file(s) for error details)
    shell:
        
        python ../strainscape/make_bin_txt.py             --bin_dir /ddn_scratch/roles/strain_analysis/iHMP/output/bins/M2083             --output_file /ddn_scratch/roles/strain_analysis/iHMP/output/assembly/M2083/bins.txt             --log_file /ddn_scratch/roles/strain_analysis/iHMP/output/logs/make_bin_txt_M2083.log 2>&1
        
        (one of the commands exited with non-zero exit code; note that snakemake uses bash strict mode!)

[Mon May 19 21:49:59 2025]
Error in rule make_bin_txt:
    jobid: 2308
    input: /ddn_scratch/roles/strain_analysis/iHMP/output/bins/H4030
    output: /ddn_scratch/roles/strain_analysis/iHMP/output/assembly/H4030/bins.txt
    log: /ddn_scratch/roles/strain_analysis/iHMP/output/logs/make_bin_txt_H4030.log (check log file(s) for error details)
    shell:
        
        python ../strainscape/make_bin_txt.py             --bin_dir /ddn_scratch/roles/strain_analysis/iHMP/output/bins/H4030             --output_file /ddn_scratch/roles/strain_analysis/iHMP/output/assembly/H4030/bins.txt             --log_file /ddn_scratch/roles/strain_analysis/iHMP/output/logs/make_bin_txt_H4030.log 2>&1
        
        (one of the commands exited with non-zero exit code; note that snakemake uses bash strict mode!)

[Mon May 19 21:49:59 2025]
Error in rule make_bin_txt:
    jobid: 2372
    input: /ddn_scratch/roles/strain_analysis/iHMP/output/bins/M2077
    output: /ddn_scratch/roles/strain_analysis/iHMP/output/assembly/M2077/bins.txt
    log: /ddn_scratch/roles/strain_analysis/iHMP/output/logs/make_bin_txt_M2077.log (check log file(s) for error details)
    shell:
        
        python ../strainscape/make_bin_txt.py             --bin_dir /ddn_scratch/roles/strain_analysis/iHMP/output/bins/M2077             --output_file /ddn_scratch/roles/strain_analysis/iHMP/output/assembly/M2077/bins.txt             --log_file /ddn_scratch/roles/strain_analysis/iHMP/output/logs/make_bin_txt_M2077.log 2>&1
        
        (one of the commands exited with non-zero exit code; note that snakemake uses bash strict mode!)

[Mon May 19 21:49:59 2025]
Error in rule make_bin_txt:
    jobid: 2298
    input: /ddn_scratch/roles/strain_analysis/iHMP/output/bins/H4022
    output: /ddn_scratch/roles/strain_analysis/iHMP/output/assembly/H4022/bins.txt
    log: /ddn_scratch/roles/strain_analysis/iHMP/output/logs/make_bin_txt_H4022.log (check log file(s) for error details)
    shell:
        
        python ../strainscape/make_bin_txt.py             --bin_dir /ddn_scratch/roles/strain_analysis/iHMP/output/bins/H4022             --output_file /ddn_scratch/roles/strain_analysis/iHMP/output/assembly/H4022/bins.txt             --log_file /ddn_scratch/roles/strain_analysis/iHMP/output/logs/make_bin_txt_H4022.log 2>&1
        
        (one of the commands exited with non-zero exit code; note that snakemake uses bash strict mode!)

[Mon May 19 21:49:59 2025]
Error in rule make_bin_txt:
    jobid: 2304
    input: /ddn_scratch/roles/strain_analysis/iHMP/output/bins/H4027
    output: /ddn_scratch/roles/strain_analysis/iHMP/output/assembly/H4027/bins.txt
    log: /ddn_scratch/roles/strain_analysis/iHMP/output/logs/make_bin_txt_H4027.log (check log file(s) for error details)
    shell:
        
        python ../strainscape/make_bin_txt.py             --bin_dir /ddn_scratch/roles/strain_analysis/iHMP/output/bins/H4027             --output_file /ddn_scratch/roles/strain_analysis/iHMP/output/assembly/H4027/bins.txt             --log_file /ddn_scratch/roles/strain_analysis/iHMP/output/logs/make_bin_txt_H4027.log 2>&1
        
        (one of the commands exited with non-zero exit code; note that snakemake uses bash strict mode!)

[Mon May 19 21:49:59 2025]
Error in rule make_bin_txt:
    jobid: 2300
    input: /ddn_scratch/roles/strain_analysis/iHMP/output/bins/H4023
    output: /ddn_scratch/roles/strain_analysis/iHMP/output/assembly/H4023/bins.txt
    log: /ddn_scratch/roles/strain_analysis/iHMP/output/logs/make_bin_txt_H4023.log (check log file(s) for error details)
    shell:
        
        python ../strainscape/make_bin_txt.py             --bin_dir /ddn_scratch/roles/strain_analysis/iHMP/output/bins/H4023             --output_file /ddn_scratch/roles/strain_analysis/iHMP/output/assembly/H4023/bins.txt             --log_file /ddn_scratch/roles/strain_analysis/iHMP/output/logs/make_bin_txt_H4023.log 2>&1
        
        (one of the commands exited with non-zero exit code; note that snakemake uses bash strict mode!)

[Mon May 19 21:49:59 2025]
Error in rule make_bin_txt:
    jobid: 2364
    input: /ddn_scratch/roles/strain_analysis/iHMP/output/bins/M2069
    output: /ddn_scratch/roles/strain_analysis/iHMP/output/assembly/M2069/bins.txt
    log: /ddn_scratch/roles/strain_analysis/iHMP/output/logs/make_bin_txt_M2069.log (check log file(s) for error details)
    shell:
        
        python ../strainscape/make_bin_txt.py             --bin_dir /ddn_scratch/roles/strain_analysis/iHMP/output/bins/M2069             --output_file /ddn_scratch/roles/strain_analysis/iHMP/output/assembly/M2069/bins.txt             --log_file /ddn_scratch/roles/strain_analysis/iHMP/output/logs/make_bin_txt_M2069.log 2>&1
        
        (one of the commands exited with non-zero exit code; note that snakemake uses bash strict mode!)

[Mon May 19 21:49:59 2025]
Error in rule make_bin_txt:
    jobid: 2296
    input: /ddn_scratch/roles/strain_analysis/iHMP/output/bins/H4020
    output: /ddn_scratch/roles/strain_analysis/iHMP/output/assembly/H4020/bins.txt
    log: /ddn_scratch/roles/strain_analysis/iHMP/output/logs/make_bin_txt_H4020.log (check log file(s) for error details)
    shell:
        
        python ../strainscape/make_bin_txt.py             --bin_dir /ddn_scratch/roles/strain_analysis/iHMP/output/bins/H4020             --output_file /ddn_scratch/roles/strain_analysis/iHMP/output/assembly/H4020/bins.txt             --log_file /ddn_scratch/roles/strain_analysis/iHMP/output/logs/make_bin_txt_H4020.log 2>&1
        
        (one of the commands exited with non-zero exit code; note that snakemake uses bash strict mode!)

[Mon May 19 21:49:59 2025]
Error in rule make_bin_txt:
    jobid: 2310
    input: /ddn_scratch/roles/strain_analysis/iHMP/output/bins/H4031
    output: /ddn_scratch/roles/strain_analysis/iHMP/output/assembly/H4031/bins.txt
    log: /ddn_scratch/roles/strain_analysis/iHMP/output/logs/make_bin_txt_H4031.log (check log file(s) for error details)
    shell:
        
        python ../strainscape/make_bin_txt.py             --bin_dir /ddn_scratch/roles/strain_analysis/iHMP/output/bins/H4031             --output_file /ddn_scratch/roles/strain_analysis/iHMP/output/assembly/H4031/bins.txt             --log_file /ddn_scratch/roles/strain_analysis/iHMP/output/logs/make_bin_txt_H4031.log 2>&1
        
        (one of the commands exited with non-zero exit code; note that snakemake uses bash strict mode!)

[Mon May 19 21:49:59 2025]
Error in rule make_bin_txt:
    jobid: 2302
    input: /ddn_scratch/roles/strain_analysis/iHMP/output/bins/H4024
    output: /ddn_scratch/roles/strain_analysis/iHMP/output/assembly/H4024/bins.txt
    log: /ddn_scratch/roles/strain_analysis/iHMP/output/logs/make_bin_txt_H4024.log (check log file(s) for error details)
    shell:
        
        python ../strainscape/make_bin_txt.py             --bin_dir /ddn_scratch/roles/strain_analysis/iHMP/output/bins/H4024             --output_file /ddn_scratch/roles/strain_analysis/iHMP/output/assembly/H4024/bins.txt             --log_file /ddn_scratch/roles/strain_analysis/iHMP/output/logs/make_bin_txt_H4024.log 2>&1
        
        (one of the commands exited with non-zero exit code; note that snakemake uses bash strict mode!)

[Mon May 19 21:50:00 2025]
Error in rule make_bin_txt:
    jobid: 2374
    input: /ddn_scratch/roles/strain_analysis/iHMP/output/bins/M2079
    output: /ddn_scratch/roles/strain_analysis/iHMP/output/assembly/M2079/bins.txt
    log: /ddn_scratch/roles/strain_analysis/iHMP/output/logs/make_bin_txt_M2079.log (check log file(s) for error details)
    shell:
        
        python ../strainscape/make_bin_txt.py             --bin_dir /ddn_scratch/roles/strain_analysis/iHMP/output/bins/M2079             --output_file /ddn_scratch/roles/strain_analysis/iHMP/output/assembly/M2079/bins.txt             --log_file /ddn_scratch/roles/strain_analysis/iHMP/output/logs/make_bin_txt_M2079.log 2>&1
        
        (one of the commands exited with non-zero exit code; note that snakemake uses bash strict mode!)

[Mon May 19 21:50:04 2025]
Error in rule combine_SNV_info:
    jobid: 3379
    input: /ddn_scratch/roles/strain_analysis/iHMP/output/instrain/H4019/each/HSM6XRQE/output/HSM6XRQE_SNVs.tsv, /ddn_scratch/roles/strain_analysis/iHMP/output/instrain/H4019/each/HSM6XRR5/output/HSM6XRR5_SNVs.tsv, /ddn_scratch/roles/strain_analysis/iHMP/output/instrain/H4019/each/HSM6XRR7/output/HSM6XRR7_SNVs.tsv, /ddn_scratch/roles/strain_analysis/iHMP/output/instrain/H4019/each/HSM6XRR9/output/HSM6XRR9_SNVs.tsv, /ddn_scratch/roles/strain_analysis/iHMP/output/instrain/H4019/each/HSM6XRRB/output/HSM6XRRB_SNVs.tsv, /ddn_scratch/roles/strain_analysis/iHMP/output/instrain/H4019/each/HSM6XRRD/output/HSM6XRRD_SNVs.tsv, /ddn_scratch/roles/strain_analysis/iHMP/output/instrain/H4019/each/HSM6XRUX/output/HSM6XRUX_SNVs.tsv, /ddn_scratch/roles/strain_analysis/iHMP/output/instrain/H4019/each/HSM6XRUZ/output/HSM6XRUZ_SNVs.tsv, /ddn_scratch/roles/strain_analysis/iHMP/output/instrain/H4019/each/HSM6XRV2/output/HSM6XRV2_SNVs.tsv, /ddn_scratch/roles/strain_analysis/iHMP/output/instrain/H4019/each/HSM6XRV4/output/HSM6XRV4_SNVs.tsv, /ddn_scratch/roles/strain_analysis/iHMP/output/instrain/H4019/each/HSM6XRV6/output/HSM6XRV6_SNVs.tsv, /ddn_scratch/roles/strain_analysis/iHMP/output/instrain/H4019/each/HSM6XRV8/output/HSM6XRV8_SNVs.tsv, /ddn_scratch/roles/strain_analysis/iHMP/output/instrain/H4019/each/HSM7J4M4/output/HSM7J4M4_SNVs.tsv, /ddn_scratch/roles/strain_analysis/iHMP/output/instrain/H4019/each/HSM7J4M6/output/HSM7J4M6_SNVs.tsv, /ddn_scratch/roles/strain_analysis/iHMP/output/instrain/H4019/each/HSM7J4M8/output/HSM7J4M8_SNVs.tsv, /ddn_scratch/roles/strain_analysis/iHMP/output/instrain/H4019/each/HSM7J4MA/output/HSM7J4MA_SNVs.tsv, /ddn_scratch/roles/strain_analysis/iHMP/output/instrain/H4019/each/HSM7J4MC/output/HSM7J4MC_SNVs.tsv, /ddn_scratch/roles/strain_analysis/iHMP/output/instrain/H4019/each/HSM7J4ME/output/HSM7J4ME_SNVs.tsv, /ddn_scratch/roles/strain_analysis/iHMP/output/instrain/H4019/each/HSM7J4PC/output/HSM7J4PC_SNVs.tsv, /ddn_scratch/roles/strain_analysis/iHMP/output/instrain/H4019/each/HSM7J4PE/output/HSM7J4PE_SNVs.tsv, /ddn_scratch/roles/strain_analysis/iHMP/output/instrain/H4019/each/HSM7J4PG/output/HSM7J4PG_SNVs.tsv, /ddn_scratch/roles/strain_analysis/iHMP/output/instrain/H4019/each/HSM7J4PI/output/HSM7J4PI_SNVs.tsv, /ddn_scratch/roles/strain_analysis/iHMP/output/instrain/H4019/each/HSM7J4PK/output/HSM7J4PK_SNVs.tsv, /ddn_scratch/roles/strain_analysis/iHMP/output/instrain/H4019/each/HSM7J4PM/output/HSM7J4PM_SNVs.tsv
    output: /ddn_scratch/roles/strain_analysis/iHMP/output/instrain/H4019/combined_SNV_info.tsv

[Mon May 19 21:50:28 2025]
Error in rule combine_scaffold_info:
    jobid: 3435
    input: /ddn_scratch/roles/strain_analysis/iHMP/output/instrain/H4020/each/HSM67VCX/output/HSM67VCX_scaffold_info.tsv, /ddn_scratch/roles/strain_analysis/iHMP/output/instrain/H4020/each/HSM67VCZ/output/HSM67VCZ_scaffold_info.tsv, /ddn_scratch/roles/strain_analysis/iHMP/output/instrain/H4020/each/HSM67VD2/output/HSM67VD2_scaffold_info.tsv, /ddn_scratch/roles/strain_analysis/iHMP/output/instrain/H4020/each/HSM67VD4/output/HSM67VD4_scaffold_info.tsv, /ddn_scratch/roles/strain_analysis/iHMP/output/instrain/H4020/each/HSM67VD6/output/HSM67VD6_scaffold_info.tsv, /ddn_scratch/roles/strain_analysis/iHMP/output/instrain/H4020/each/HSM67VHB/output/HSM67VHB_scaffold_info.tsv, /ddn_scratch/roles/strain_analysis/iHMP/output/instrain/H4020/each/HSM67VHD/output/HSM67VHD_scaffold_info.tsv, /ddn_scratch/roles/strain_analysis/iHMP/output/instrain/H4020/each/HSM67VHF/output/HSM67VHF_scaffold_info.tsv, /ddn_scratch/roles/strain_analysis/iHMP/output/instrain/H4020/each/HSM67VHH/output/HSM67VHH_scaffold_info.tsv, /ddn_scratch/roles/strain_analysis/iHMP/output/instrain/H4020/each/HSM67VHJ/output/HSM67VHJ_scaffold_info.tsv, /ddn_scratch/roles/strain_analysis/iHMP/output/instrain/H4020/each/HSM6XRR3/output/HSM6XRR3_scaffold_info.tsv, /ddn_scratch/roles/strain_analysis/iHMP/output/instrain/H4020/each/HSM6XRUV/output/HSM6XRUV_scaffold_info.tsv, /ddn_scratch/roles/strain_analysis/iHMP/output/instrain/H4020/each/HSM7J4IO/output/HSM7J4IO_scaffold_info.tsv, /ddn_scratch/roles/strain_analysis/iHMP/output/instrain/H4020/each/HSM7J4IP/output/HSM7J4IP_scaffold_info.tsv, /ddn_scratch/roles/strain_analysis/iHMP/output/instrain/H4020/each/HSM7J4IQ/output/HSM7J4IQ_scaffold_info.tsv, /ddn_scratch/roles/strain_analysis/iHMP/output/instrain/H4020/each/HSM7J4IR/output/HSM7J4IR_scaffold_info.tsv, /ddn_scratch/roles/strain_analysis/iHMP/output/instrain/H4020/each/HSM7J4IS/output/HSM7J4IS_scaffold_info.tsv, /ddn_scratch/roles/strain_analysis/iHMP/output/instrain/H4020/each/HSM7J4PO/output/HSM7J4PO_scaffold_info.tsv, /ddn_scratch/roles/strain_analysis/iHMP/output/instrain/H4020/each/HSM7J4PQ/output/HSM7J4PQ_scaffold_info.tsv, /ddn_scratch/roles/strain_analysis/iHMP/output/instrain/H4020/each/HSM7J4PS/output/HSM7J4PS_scaffold_info.tsv, /ddn_scratch/roles/strain_analysis/iHMP/output/instrain/H4020/each/HSM7J4PU/output/HSM7J4PU_scaffold_info.tsv, /ddn_scratch/roles/strain_analysis/iHMP/output/instrain/H4020/each/HSM7J4PW/output/HSM7J4PW_scaffold_info.tsv, /ddn_scratch/roles/strain_analysis/iHMP/output/instrain/H4020/each/HSM7J4PY/output/HSM7J4PY_scaffold_info.tsv
    output: /ddn_scratch/roles/strain_analysis/iHMP/output/instrain/H4020/combined_scaffold_info.tsv

[Mon May 19 21:50:28 2025]
Error in rule combine_SNV_info:
    jobid: 2636
    input: /ddn_scratch/roles/strain_analysis/iHMP/output/instrain/C3012/each/CSM5MCXF/output/CSM5MCXF_SNVs.tsv, /ddn_scratch/roles/strain_analysis/iHMP/output/instrain/C3012/each/CSM5MCZB/output/CSM5MCZB_SNVs.tsv, /ddn_scratch/roles/strain_analysis/iHMP/output/instrain/C3012/each/CSM5MCZD/output/CSM5MCZD_SNVs.tsv, /ddn_scratch/roles/strain_analysis/iHMP/output/instrain/C3012/each/CSM5MCZF/output/CSM5MCZF_SNVs.tsv, /ddn_scratch/roles/strain_analysis/iHMP/output/instrain/C3012/each/CSM67U9B/output/CSM67U9B_SNVs.tsv, /ddn_scratch/roles/strain_analysis/iHMP/output/instrain/C3012/each/CSM67U9D/output/CSM67U9D_SNVs.tsv, /ddn_scratch/roles/strain_analysis/iHMP/output/instrain/C3012/each/CSM67UGO/output/CSM67UGO_SNVs.tsv, /ddn_scratch/roles/strain_analysis/iHMP/output/instrain/C3012/each/CSM79HOJ/output/CSM79HOJ_SNVs.tsv, /ddn_scratch/roles/strain_analysis/iHMP/output/instrain/C3012/each/CSM79HOL/output/CSM79HOL_SNVs.tsv, /ddn_scratch/roles/strain_analysis/iHMP/output/instrain/C3012/each/CSM79HOT/output/CSM79HOT_SNVs.tsv, /ddn_scratch/roles/strain_analysis/iHMP/output/instrain/C3012/each/CSM7KOMX/output/CSM7KOMX_SNVs.tsv, /ddn_scratch/roles/strain_analysis/iHMP/output/instrain/C3012/each/CSM7KOMZ/output/CSM7KOMZ_SNVs.tsv, /ddn_scratch/roles/strain_analysis/iHMP/output/instrain/C3012/each/CSM7KON2/output/CSM7KON2_SNVs.tsv, /ddn_scratch/roles/strain_analysis/iHMP/output/instrain/C3012/each/CSM7KON8/output/CSM7KON8_SNVs.tsv
    output: /ddn_scratch/roles/strain_analysis/iHMP/output/instrain/C3012/combined_SNV_info.tsv

Removing output files of failed job combine_scaffold_info since they might be corrupted:
/ddn_scratch/roles/strain_analysis/iHMP/output/instrain/H4020/combined_scaffold_info.tsv
Removing output files of failed job combine_SNV_info since they might be corrupted:
/ddn_scratch/roles/strain_analysis/iHMP/output/instrain/C3012/combined_SNV_info.tsv
[Mon May 19 21:50:33 2025]
Finished job 4639.
1 of 845 steps (0.1%) done
[Mon May 19 21:50:43 2025]
Error in rule combine_SNV_info:
    jobid: 4399
    input: /ddn_scratch/roles/strain_analysis/iHMP/output/instrain/P6005/each/PSM6XBQM/output/PSM6XBQM_SNVs.tsv, /ddn_scratch/roles/strain_analysis/iHMP/output/instrain/P6005/each/PSM6XBQS/output/PSM6XBQS_SNVs.tsv, /ddn_scratch/roles/strain_analysis/iHMP/output/instrain/P6005/each/PSM6XBQU/output/PSM6XBQU_SNVs.tsv, /ddn_scratch/roles/strain_analysis/iHMP/output/instrain/P6005/each/PSM6XBQY/output/PSM6XBQY_SNVs.tsv, /ddn_scratch/roles/strain_analysis/iHMP/output/instrain/P6005/each/PSM6XBR1/output/PSM6XBR1_SNVs.tsv, /ddn_scratch/roles/strain_analysis/iHMP/output/instrain/P6005/each/PSM6XBSS/output/PSM6XBSS_SNVs.tsv, /ddn_scratch/roles/strain_analysis/iHMP/output/instrain/P6005/each/PSM6XBSU/output/PSM6XBSU_SNVs.tsv, /ddn_scratch/roles/strain_analysis/iHMP/output/instrain/P6005/each/PSM6XBT1/output/PSM6XBT1_SNVs.tsv, /ddn_scratch/roles/strain_analysis/iHMP/output/instrain/P6005/each/PSM7J136/output/PSM7J136_SNVs.tsv, /ddn_scratch/roles/strain_analysis/iHMP/output/instrain/P6005/each/PSM7J13E/output/PSM7J13E_SNVs.tsv, /ddn_scratch/roles/strain_analysis/iHMP/output/instrain/P6005/each/PSM7J1C8/output/PSM7J1C8_SNVs.tsv, /ddn_scratch/roles/strain_analysis/iHMP/output/instrain/P6005/each/PSM7J1CC/output/PSM7J1CC_SNVs.tsv, /ddn_scratch/roles/strain_analysis/iHMP/output/instrain/P6005/each/PSM7J1CG/output/PSM7J1CG_SNVs.tsv, /ddn_scratch/roles/strain_analysis/iHMP/output/instrain/P6005/each/PSM7J1CI/output/PSM7J1CI_SNVs.tsv
    output: /ddn_scratch/roles/strain_analysis/iHMP/output/instrain/P6005/combined_SNV_info.tsv

Removing output files of failed job combine_SNV_info since they might be corrupted:
/ddn_scratch/roles/strain_analysis/iHMP/output/instrain/P6005/combined_SNV_info.tsv
[Mon May 19 21:50:48 2025]
Finished job 4693.
2 of 845 steps (0.2%) done
[Mon May 19 21:50:58 2025]
Finished job 4576.
3 of 845 steps (0.4%) done
[Mon May 19 21:50:59 2025]
Finished job 4380.
4 of 845 steps (0.5%) done
[Mon May 19 21:51:01 2025]
Finished job 4698.
5 of 845 steps (1%) done
[Mon May 19 21:51:13 2025]
Finished job 3310.
6 of 845 steps (1%) done
[Mon May 19 21:51:14 2025]
Finished job 3812.
7 of 845 steps (1%) done
[Mon May 19 21:51:15 2025]
Finished job 4630.
8 of 845 steps (1%) done
[Mon May 19 21:51:26 2025]
Finished job 2933.
9 of 845 steps (1%) done
[Mon May 19 21:51:30 2025]
Finished job 3948.
10 of 845 steps (1%) done
[Mon May 19 21:51:38 2025]
Finished job 3179.
11 of 845 steps (1%) done
Shutting down, this might take some time.
Exiting because a job execution failed. Look above for error message
Complete log: .snakemake/log/2025-05-19T214919.998870.snakemake.log
WorkflowError:
At least one job did not complete successfully.
