Assuming unrestricted shared filesystem usage.
None
host: b2-004
Building DAG of jobs...
Using shell: /usr/bin/bash
Provided cores: 1 (use --cores to define parallelism)
Rules claiming more threads will be scaled down.
Conda environments: ignored
Job stats:
job      count
-----  -------
debug        1
total        1

Select jobs to execute...
Execute 1 jobs...
[Mon May 19 16:43:47 2025]
localrule debug:
    jobid: 0
    reason: Rules with neither input nor output files are always executed.
    resources: tmpdir=/tmp

[Mon May 19 16:43:51 2025]
Finished jobid: 0 (Rule: debug)
1 of 1 steps (100%) done
Complete log(s): /ddn_scratch/roles/strain_analysis/iHMP/strainscape/snakemake/.snakemake/log/2025-05-19T164347.399017.snakemake.log
